SF:/Users/runner/work/Draxul/Draxul/app/app.cpp
FN:125,_ZN6draxul7AppDeps12from_optionsENS_10AppOptionsE
FN:135,_ZN6draxul3AppC2ENS_10AppOptionsE
FN:135,_ZN6draxul3AppC1ENS_10AppOptionsE
FN:140,_ZN6draxul3AppC2ENS_7AppDepsE
FN:151,_ZN6draxul3AppD2Ev
FN:154,_ZN6draxul3App10initializeEv
FN:344,_ZNK6draxul3App24make_text_service_configEv
FN:356,_ZN6draxul3App23initialize_text_serviceEv
FN:377,_ZN6draxul3App18apply_font_metricsEv
FN:400,_ZN6draxul3App13reload_configEv
FN:463,_ZN6draxul3App22initialize_chrome_hostEv
FN:514,_ZN6draxul3App16wire_gui_actionsEv
FN:687,_ZN6draxul3App21wire_window_callbacksEv
FN:715,_ZN6draxul3App3runEv
FN:721,_ZN6draxul3App14run_smoke_testENSt3__16chrono8durationIxNS1_5ratioILl1ELl1000EEEEE
FN:735,_ZN6draxul3App14run_screenshotENSt3__16chrono8durationIxNS1_5ratioILl1ELl1000EEEEE
FN:768,_ZN6draxul3App15run_render_testENSt3__16chrono8durationIxNS1_5ratioILl1ELl1000EEEEES6_
FN:950,_ZN6draxul3App16close_dead_panesEv
FN:991,_ZN6draxul3App20render_imgui_overlayERNS_13IFrameContextEf
FN:1009,_ZN6draxul3App12render_frameEv
FN:1059,_ZN6draxul3App9pump_onceENSt3__18optionalINS1_6chrono10time_pointINS3_12steady_clockENS3_8durationIxNS1_5ratioILl1ELl1000000000EEEEEEEEE
FN:1129,_ZN6draxul3App9on_resizeEii
FN:1158,_ZN6draxul3App24on_display_scale_changedEf
FN:1179,_ZN6draxul3App13request_frameEv
FN:1185,_ZN6draxul3App12request_quitEv
FN:1193,_ZN6draxul3App11wake_windowEv
FN:1199,_ZN6draxul3App16set_window_titleERKNSt3__112basic_stringIcNS1_11char_traitsIcEENS1_9allocatorIcEEEE
FN:1205,_ZN6draxul3App19set_text_input_areaEiiii
FN:1211,_ZN6draxul3App21dispatch_to_nvim_hostENSt3__117basic_string_viewIcNS1_11char_traitsIcEEEE
FN:1247,_ZN6draxul3App24update_diagnostics_panelEv
FN:1275,_ZN6draxul3App21refresh_window_layoutEv
FN:1286,_ZNK6draxul3App24viewport_from_descriptorERKNS_14PaneDescriptorE
FN:1306,_ZNK6draxul3App15wait_timeout_msENSt3__18optionalINS1_6chrono10time_pointINS3_12steady_clockENS3_8durationIxNS1_5ratioILl1ELl1000000000EEEEEEEEE
FN:1340,_ZN6draxul3App8shutdownEv
FN:162,app.cpp:_ZZN6draxul3App10initializeEvENK3$_0clIZNS0_10initializeEvE3$_1EEDaPKcT_
FN:170,app.cpp:_ZZN6draxul3App10initializeEvENK3$_1clEv
FN:190,app.cpp:_ZZN6draxul3App10initializeEvEN12InitRollbackC2EPS0_
FN:162,app.cpp:_ZZN6draxul3App10initializeEvENK3$_0clIZNS0_10initializeEvE3$_2EEDaPKcT_
FN:217,app.cpp:_ZZN6draxul3App10initializeEvENK3$_2clEv
FN:76,app.cpp:_ZN6draxul12_GLOBAL__N_135normalize_render_target_window_sizeERNS_7IWindowERKNS_10AppOptionsE
FN:162,app.cpp:_ZZN6draxul3App10initializeEvENK3$_0clIZNS0_10initializeEvE3$_3EEDaPKcT_
FN:246,app.cpp:_ZZN6draxul3App10initializeEvENK3$_3clEv
FN:162,app.cpp:_ZZN6draxul3App10initializeEvENK3$_0clIZNS0_10initializeEvE3$_4EEDaPKcT_
FN:264,app.cpp:_ZZN6draxul3App10initializeEvENK3$_4clEv
FN:162,app.cpp:_ZZN6draxul3App10initializeEvENK3$_0clIZNS0_10initializeEvE3$_5EEDaPKcT_
FN:267,app.cpp:_ZZN6draxul3App10initializeEvENK3$_5clEv
FN:162,app.cpp:_ZZN6draxul3App10initializeEvENK3$_0clIZNS0_10initializeEvE3$_6EEDaPKcT_
FN:295,app.cpp:_ZZN6draxul3App10initializeEvENK3$_6clEv
FN:198,app.cpp:_ZZN6draxul3App10initializeEvEN12InitRollbackD2Ev
FN:84,app.cpp:_ZN6draxul12_GLOBAL__N_127text_service_config_changedERKNS_9AppConfigES3_
FN:95,app.cpp:_ZN6draxul12_GLOBAL__N_127restore_text_service_configERNS_9AppConfigERKS1_
FN:106,app.cpp:_ZN6draxul12_GLOBAL__N_134host_reload_config_from_app_configERKNS_9AppConfigE
FN:42,app.cpp:_ZN6draxul12_GLOBAL__N_122render_test_phase_nameENS0_15RenderTestPhaseE
FN:386,app.cpp:_ZZN6draxul3App18apply_font_metricsEvENK3$_0clEiRNS_5IHostE
FN:453,app.cpp:_ZZN6draxul3App13reload_configEvENK3$_0clEiRNS_5IHostE
FN:477,app.cpp:_ZZN6draxul3App22initialize_chrome_hostEvENK3$_0clERKNS_14PaneDescriptorE
FN:519,app.cpp:_ZZN6draxul3App16wire_gui_actionsEvENK3$_0clEv
FN:522,app.cpp:_ZZN6draxul3App16wire_gui_actionsEvENK3$_1clEv
FN:523,app.cpp:_ZZN6draxul3App16wire_gui_actionsEvENK3$_2clEv
FN:524,app.cpp:_ZZN6draxul3App16wire_gui_actionsEvENK3$_3clENSt3__18optionalINS_8HostKindEEE
FN:534,app.cpp:_ZZN6draxul3App16wire_gui_actionsEvENK3$_4clENSt3__18optionalINS_8HostKindEEE
FN:544,app.cpp:_ZZN6draxul3App16wire_gui_actionsEvENK3$_5clEv
FN:552,app.cpp:_ZZN6draxul3App16wire_gui_actionsEvENK3$_6clEv
FN:556,app.cpp:_ZZN6draxul3App16wire_gui_actionsEvENK3$_7clEv
FN:567,app.cpp:_ZZN6draxul3App16wire_gui_actionsEvENK3$_8clEv
FN:568,app.cpp:_ZZN6draxul3App16wire_gui_actionsEvENK3$_9clEv
FN:575,app.cpp:_ZZN6draxul3App16wire_gui_actionsEvENK4$_10clEv
FN:601,app.cpp:_ZZN6draxul3App16wire_gui_actionsEvENK4$_11clEv
FN:613,app.cpp:_ZZN6draxul3App16wire_gui_actionsEvENK4$_12clEv
FN:627,app.cpp:_ZZN6draxul3App16wire_gui_actionsEvENK4$_13clEv
FN:620,app.cpp:_ZZN6draxul3App16wire_gui_actionsEvENK4$_22clENS_14FocusDirectionE
FN:628,app.cpp:_ZZN6draxul3App16wire_gui_actionsEvENK4$_14clEv
FN:629,app.cpp:_ZZN6draxul3App16wire_gui_actionsEvENK4$_15clEv
FN:630,app.cpp:_ZZN6draxul3App16wire_gui_actionsEvENK4$_16clEv
FN:631,app.cpp:_ZZN6draxul3App16wire_gui_actionsEvENK4$_17clENSt3__18optionalINS_8HostKindEEE
FN:652,app.cpp:_ZZN6draxul3App16wire_gui_actionsEvENK4$_18clEv
FN:666,app.cpp:_ZZN6draxul3App16wire_gui_actionsEvENK4$_19clEv
FN:671,app.cpp:_ZZN6draxul3App16wire_gui_actionsEvENK4$_20clEv
FN:676,app.cpp:_ZZN6draxul3App16wire_gui_actionsEvENK4$_21clEi
FN:692,app.cpp:_ZZN6draxul3App21wire_window_callbacksEvENK3$_0clEv
FN:697,app.cpp:_ZZN6draxul3App21wire_window_callbacksEvENK3$_1clEv
FN:701,app.cpp:_ZZN6draxul3App21wire_window_callbacksEvENK3$_2clEv
FN:702,app.cpp:_ZZN6draxul3App21wire_window_callbacksEvENK3$_3clEii
FN:703,app.cpp:_ZZN6draxul3App21wire_window_callbacksEvENK3$_4clEf
FN:704,app.cpp:_ZZN6draxul3App21wire_window_callbacksEvENK3$_5clEii
FN:705,app.cpp:_ZZN6draxul3App21wire_window_callbacksEvENK3$_6clEi
FN:953,app.cpp:_ZZN6draxul3App16close_dead_panesEvENK3$_0clEiRKNS_5IHostE
FN:1038,app.cpp:_ZZN6draxul3App12render_frameEvENK3$_0clEiRNS_5IHostE
FN:1093,app.cpp:_ZZN6draxul3App9pump_onceENSt3__18optionalINS1_6chrono10time_pointINS3_12steady_clockENS3_8durationIxNS1_5ratioILl1ELl1000000000EEEEEEEEEENK3$_0clEiRNS_5IHostE
FN:1186,app.cpp:_ZZN6draxul3App12request_quitEvENK3$_0clEiRNS_5IHostE
FN:1215,app.cpp:_ZZN6draxul3App21dispatch_to_nvim_hostENSt3__117basic_string_viewIcNS1_11char_traitsIcEEEEENK3$_0clEiRNS_5IHostE
FN:1316,app.cpp:_ZZNK6draxul3App15wait_timeout_msENSt3__18optionalINS1_6chrono10time_pointINS3_12steady_clockENS3_8durationIxNS1_5ratioILl1ELl1000000000EEEEEEEEEENK3$_0clEiRKNS_5IHostE
FNDA:33,_ZN6draxul7AppDeps12from_optionsENS_10AppOptionsE
FNDA:0,_ZN6draxul3AppC2ENS_10AppOptionsE
FNDA:32,_ZN6draxul3AppC1ENS_10AppOptionsE
FNDA:34,_ZN6draxul3AppC2ENS_7AppDepsE
FNDA:34,_ZN6draxul3AppD2Ev
FNDA:34,_ZN6draxul3App10initializeEv
FNDA:19,_ZNK6draxul3App24make_text_service_configEv
FNDA:18,_ZN6draxul3App23initialize_text_serviceEv
FNDA:1,_ZN6draxul3App18apply_font_metricsEv
FNDA:1,_ZN6draxul3App13reload_configEv
FNDA:14,_ZN6draxul3App22initialize_chrome_hostEv
FNDA:7,_ZN6draxul3App16wire_gui_actionsEv
FNDA:7,_ZN6draxul3App21wire_window_callbacksEv
FNDA:0,_ZN6draxul3App3runEv
FNDA:3,_ZN6draxul3App14run_smoke_testENSt3__16chrono8durationIxNS1_5ratioILl1ELl1000EEEEE
FNDA:0,_ZN6draxul3App14run_screenshotENSt3__16chrono8durationIxNS1_5ratioILl1ELl1000EEEEE
FNDA:0,_ZN6draxul3App15run_render_testENSt3__16chrono8durationIxNS1_5ratioILl1ELl1000EEEEES6_
FNDA:5,_ZN6draxul3App16close_dead_panesEv
FNDA:2,_ZN6draxul3App20render_imgui_overlayERNS_13IFrameContextEf
FNDA:2,_ZN6draxul3App12render_frameEv
FNDA:3,_ZN6draxul3App9pump_onceENSt3__18optionalINS1_6chrono10time_pointINS3_12steady_clockENS3_8durationIxNS1_5ratioILl1ELl1000000000EEEEEEEEE
FNDA:0,_ZN6draxul3App9on_resizeEii
FNDA:0,_ZN6draxul3App24on_display_scale_changedEf
FNDA:37,_ZN6draxul3App13request_frameEv
FNDA:0,_ZN6draxul3App12request_quitEv
FNDA:37,_ZN6draxul3App11wake_windowEv
FNDA:0,_ZN6draxul3App16set_window_titleERKNSt3__112basic_stringIcNS1_11char_traitsIcEENS1_9allocatorIcEEEE
FNDA:4,_ZN6draxul3App19set_text_input_areaEiiii
FNDA:0,_ZN6draxul3App21dispatch_to_nvim_hostENSt3__117basic_string_viewIcNS1_11char_traitsIcEEEE
FNDA:2,_ZN6draxul3App24update_diagnostics_panelEv
FNDA:29,_ZN6draxul3App21refresh_window_layoutEv
FNDA:13,_ZNK6draxul3App24viewport_from_descriptorERKNS_14PaneDescriptorE
FNDA:0,_ZNK6draxul3App15wait_timeout_msENSt3__18optionalINS1_6chrono10time_pointINS3_12steady_clockENS3_8durationIxNS1_5ratioILl1ELl1000000000EEEEEEEEE
FNDA:46,_ZN6draxul3App8shutdownEv
FNDA:34,app.cpp:_ZZN6draxul3App10initializeEvENK3$_0clIZNS0_10initializeEvE3$_1EEDaPKcT_
FNDA:34,app.cpp:_ZZN6draxul3App10initializeEvENK3$_1clEv
FNDA:34,app.cpp:_ZZN6draxul3App10initializeEvEN12InitRollbackC2EPS0_
FNDA:34,app.cpp:_ZZN6draxul3App10initializeEvENK3$_0clIZNS0_10initializeEvE3$_2EEDaPKcT_
FNDA:34,app.cpp:_ZZN6draxul3App10initializeEvENK3$_2clEv
FNDA:25,app.cpp:_ZN6draxul12_GLOBAL__N_135normalize_render_target_window_sizeERNS_7IWindowERKNS_10AppOptionsE
FNDA:25,app.cpp:_ZZN6draxul3App10initializeEvENK3$_0clIZNS0_10initializeEvE3$_3EEDaPKcT_
FNDA:25,app.cpp:_ZZN6draxul3App10initializeEvENK3$_3clEv
FNDA:18,app.cpp:_ZZN6draxul3App10initializeEvENK3$_0clIZNS0_10initializeEvE3$_4EEDaPKcT_
FNDA:18,app.cpp:_ZZN6draxul3App10initializeEvENK3$_4clEv
FNDA:14,app.cpp:_ZZN6draxul3App10initializeEvENK3$_0clIZNS0_10initializeEvE3$_5EEDaPKcT_
FNDA:14,app.cpp:_ZZN6draxul3App10initializeEvENK3$_5clEv
FNDA:14,app.cpp:_ZZN6draxul3App10initializeEvENK3$_0clIZNS0_10initializeEvE3$_6EEDaPKcT_
FNDA:14,app.cpp:_ZZN6draxul3App10initializeEvENK3$_6clEv
FNDA:34,app.cpp:_ZZN6draxul3App10initializeEvEN12InitRollbackD2Ev
FNDA:1,app.cpp:_ZN6draxul12_GLOBAL__N_127text_service_config_changedERKNS_9AppConfigES3_
FNDA:0,app.cpp:_ZN6draxul12_GLOBAL__N_127restore_text_service_configERNS_9AppConfigERKS1_
FNDA:1,app.cpp:_ZN6draxul12_GLOBAL__N_134host_reload_config_from_app_configERKNS_9AppConfigE
FNDA:0,app.cpp:_ZN6draxul12_GLOBAL__N_122render_test_phase_nameENS0_15RenderTestPhaseE
FNDA:1,app.cpp:_ZZN6draxul3App18apply_font_metricsEvENK3$_0clEiRNS_5IHostE
FNDA:1,app.cpp:_ZZN6draxul3App13reload_configEvENK3$_0clEiRNS_5IHostE
FNDA:13,app.cpp:_ZZN6draxul3App22initialize_chrome_hostEvENK3$_0clERKNS_14PaneDescriptorE
FNDA:0,app.cpp:_ZZN6draxul3App16wire_gui_actionsEvENK3$_0clEv
FNDA:0,app.cpp:_ZZN6draxul3App16wire_gui_actionsEvENK3$_1clEv
FNDA:0,app.cpp:_ZZN6draxul3App16wire_gui_actionsEvENK3$_2clEv
FNDA:0,app.cpp:_ZZN6draxul3App16wire_gui_actionsEvENK3$_3clENSt3__18optionalINS_8HostKindEEE
FNDA:0,app.cpp:_ZZN6draxul3App16wire_gui_actionsEvENK3$_4clENSt3__18optionalINS_8HostKindEEE
FNDA:0,app.cpp:_ZZN6draxul3App16wire_gui_actionsEvENK3$_5clEv
FNDA:0,app.cpp:_ZZN6draxul3App16wire_gui_actionsEvENK3$_6clEv
FNDA:0,app.cpp:_ZZN6draxul3App16wire_gui_actionsEvENK3$_7clEv
FNDA:1,app.cpp:_ZZN6draxul3App16wire_gui_actionsEvENK3$_8clEv
FNDA:0,app.cpp:_ZZN6draxul3App16wire_gui_actionsEvENK3$_9clEv
FNDA:0,app.cpp:_ZZN6draxul3App16wire_gui_actionsEvENK4$_10clEv
FNDA:0,app.cpp:_ZZN6draxul3App16wire_gui_actionsEvENK4$_11clEv
FNDA:0,app.cpp:_ZZN6draxul3App16wire_gui_actionsEvENK4$_12clEv
FNDA:0,app.cpp:_ZZN6draxul3App16wire_gui_actionsEvENK4$_13clEv
FNDA:0,app.cpp:_ZZN6draxul3App16wire_gui_actionsEvENK4$_22clENS_14FocusDirectionE
FNDA:0,app.cpp:_ZZN6draxul3App16wire_gui_actionsEvENK4$_14clEv
FNDA:0,app.cpp:_ZZN6draxul3App16wire_gui_actionsEvENK4$_15clEv
FNDA:0,app.cpp:_ZZN6draxul3App16wire_gui_actionsEvENK4$_16clEv
FNDA:0,app.cpp:_ZZN6draxul3App16wire_gui_actionsEvENK4$_17clENSt3__18optionalINS_8HostKindEEE
FNDA:0,app.cpp:_ZZN6draxul3App16wire_gui_actionsEvENK4$_18clEv
FNDA:0,app.cpp:_ZZN6draxul3App16wire_gui_actionsEvENK4$_19clEv
FNDA:0,app.cpp:_ZZN6draxul3App16wire_gui_actionsEvENK4$_20clEv
FNDA:0,app.cpp:_ZZN6draxul3App16wire_gui_actionsEvENK4$_21clEi
FNDA:1,app.cpp:_ZZN6draxul3App21wire_window_callbacksEvENK3$_0clEv
FNDA:0,app.cpp:_ZZN6draxul3App21wire_window_callbacksEvENK3$_1clEv
FNDA:0,app.cpp:_ZZN6draxul3App21wire_window_callbacksEvENK3$_2clEv
FNDA:0,app.cpp:_ZZN6draxul3App21wire_window_callbacksEvENK3$_3clEii
FNDA:0,app.cpp:_ZZN6draxul3App21wire_window_callbacksEvENK3$_4clEf
FNDA:0,app.cpp:_ZZN6draxul3App21wire_window_callbacksEvENK3$_5clEii
FNDA:0,app.cpp:_ZZN6draxul3App21wire_window_callbacksEvENK3$_6clEi
FNDA:5,app.cpp:_ZZN6draxul3App16close_dead_panesEvENK3$_0clEiRKNS_5IHostE
FNDA:2,app.cpp:_ZZN6draxul3App12render_frameEvENK3$_0clEiRNS_5IHostE
FNDA:2,app.cpp:_ZZN6draxul3App9pump_onceENSt3__18optionalINS1_6chrono10time_pointINS3_12steady_clockENS3_8durationIxNS1_5ratioILl1ELl1000000000EEEEEEEEEENK3$_0clEiRNS_5IHostE
FNDA:0,app.cpp:_ZZN6draxul3App12request_quitEvENK3$_0clEiRNS_5IHostE
FNDA:0,app.cpp:_ZZN6draxul3App21dispatch_to_nvim_hostENSt3__117basic_string_viewIcNS1_11char_traitsIcEEEEENK3$_0clEiRNS_5IHostE
FNDA:0,app.cpp:_ZZNK6draxul3App15wait_timeout_msENSt3__18optionalINS1_6chrono10time_pointINS3_12steady_clockENS3_8durationIxNS1_5ratioILl1ELl1000000000EEEEEEEEEENK3$_0clEiRKNS_5IHostE
FNF:86
FNH:44
DA:42,0
DA:43,0
DA:44,0
DA:45,0
DA:46,0
DA:47,0
DA:48,0
DA:49,0
DA:50,0
DA:51,0
DA:52,0
DA:53,0
DA:54,0
DA:55,0
DA:56,0
DA:57,0
DA:76,25
DA:77,25
DA:78,25
DA:79,0
DA:80,0
DA:81,0
DA:84,1
DA:85,1
DA:86,1
DA:87,1
DA:88,1
DA:89,1
DA:90,1
DA:91,1
DA:92,1
DA:95,0
DA:96,0
DA:97,0
DA:98,0
DA:99,0
DA:100,0
DA:101,0
DA:102,0
DA:103,0
DA:106,1
DA:107,1
DA:108,1
DA:109,1
DA:110,1
DA:111,1
DA:112,1
DA:113,1
DA:114,1
DA:115,1
DA:116,1
DA:117,1
DA:118,1
DA:119,1
DA:120,1
DA:125,33
DA:126,33
DA:127,33
DA:128,33
DA:129,33
DA:130,33
DA:131,33
DA:132,33
DA:135,32
DA:136,32
DA:137,32
DA:140,34
DA:141,34
DA:142,34
DA:143,34
DA:144,34
DA:147,34
DA:148,34
DA:149,34
DA:151,34
DA:154,34
DA:155,34
DA:156,34
DA:157,34
DA:159,34
DA:160,34
DA:162,139
DA:163,139
DA:164,139
DA:165,139
DA:166,139
DA:167,139
DA:168,139
DA:170,34
DA:171,34
DA:172,1
DA:173,1
DA:174,1
DA:175,1
DA:176,33
DA:177,33
DA:178,33
DA:179,33
DA:180,33
DA:181,34
DA:182,34
DA:183,34
DA:185,34
DA:186,34
DA:187,34
DA:188,34
DA:189,34
DA:190,34
DA:191,34
DA:192,34
DA:193,34
DA:194,34
DA:195,34
DA:196,34
DA:197,34
DA:198,34
DA:199,34
DA:200,27
DA:201,27
DA:202,27
DA:203,27
DA:204,27
DA:205,27
DA:206,27
DA:208,0
DA:209,27
DA:210,34
DA:211,34
DA:212,34
DA:214,34
DA:215,0
DA:217,34
DA:218,34
DA:219,34
DA:220,34
DA:221,34
DA:222,0
DA:223,0
DA:224,0
DA:225,0
DA:226,0
DA:227,0
DA:228,0
DA:229,0
DA:230,0
DA:231,0
DA:232,0
DA:233,0
DA:234,0
DA:235,0
DA:236,34
DA:237,9
DA:238,9
DA:239,9
DA:240,9
DA:241,25
DA:242,25
DA:243,34
DA:244,9
DA:246,25
DA:247,25
DA:248,25
DA:249,25
DA:250,25
DA:251,25
DA:252,25
DA:253,25
DA:254,7
DA:255,7
DA:256,7
DA:257,7
DA:258,18
DA:259,0
DA:260,18
DA:261,25
DA:262,7
DA:264,18
DA:265,4
DA:267,14
DA:268,14
DA:269,14
DA:270,14
DA:271,14
DA:272,14
DA:273,14
DA:274,0
DA:275,0
DA:276,0
DA:277,0
DA:278,14
DA:279,14
DA:280,14
DA:281,14
DA:282,14
DA:283,14
DA:284,14
DA:285,14
DA:286,14
DA:287,0
DA:288,0
DA:289,0
DA:290,0
DA:291,14
DA:292,14
DA:293,0
DA:295,14
DA:296,7
DA:298,7
DA:299,7
DA:301,7
DA:303,7
DA:306,7
DA:307,7
DA:308,7
DA:309,7
DA:310,7
DA:311,7
DA:313,7
DA:314,7
DA:315,7
DA:316,7
DA:317,7
DA:318,7
DA:319,7
DA:320,7
DA:322,7
DA:323,7
DA:324,7
DA:326,7
DA:330,7
DA:332,7
DA:333,7
DA:336,7
DA:338,7
DA:339,7
DA:340,7
DA:341,14
DA:344,19
DA:345,19
DA:346,19
DA:347,19
DA:348,19
DA:349,19
DA:350,19
DA:351,19
DA:352,19
DA:353,19
DA:356,18
DA:357,18
DA:358,18
DA:360,18
DA:361,18
DA:362,4
DA:363,4
DA:364,4
DA:365,4
DA:366,4
DA:367,4
DA:369,14
DA:370,14
DA:371,14
DA:372,14
DA:373,14
DA:374,18
DA:377,1
DA:378,1
DA:379,1
DA:380,1
DA:381,1
DA:382,1
DA:383,1
DA:384,1
DA:385,1
DA:386,1
DA:387,1
DA:388,1
DA:389,1
DA:390,1
DA:391,1
DA:392,1
DA:393,1
DA:394,1
DA:395,1
DA:396,1
DA:397,1
DA:400,1
DA:401,1
DA:402,1
DA:403,0
DA:404,0
DA:405,0
DA:406,0
DA:407,0
DA:409,1
DA:410,1
DA:411,1
DA:412,1
DA:413,1
DA:415,1
DA:416,1
DA:417,1
DA:419,1
DA:420,1
DA:421,1
DA:422,1
DA:423,1
DA:424,1
DA:425,1
DA:426,1
DA:427,1
DA:428,0
DA:429,0
DA:430,0
DA:431,0
DA:432,0
DA:433,0
DA:434,0
DA:435,0
DA:436,0
DA:437,0
DA:438,0
DA:439,0
DA:440,0
DA:441,0
DA:442,0
DA:443,0
DA:444,0
DA:445,0
DA:446,0
DA:447,1
DA:449,1
DA:450,1
DA:452,1
DA:453,1
DA:454,1
DA:455,1
DA:457,1
DA:458,1
DA:459,1
DA:460,1
DA:463,14
DA:464,14
DA:465,14
DA:467,14
DA:468,14
DA:469,14
DA:470,14
DA:471,14
DA:472,14
DA:473,14
DA:474,14
DA:475,14
DA:476,14
DA:477,14
DA:478,13
DA:479,13
DA:480,14
DA:482,14
DA:483,14
DA:484,14
DA:485,14
DA:486,14
DA:487,14
DA:491,14
DA:492,14
DA:493,14
DA:494,14
DA:495,14
DA:497,14
DA:498,7
DA:499,7
DA:500,7
DA:501,7
DA:503,7
DA:504,7
DA:505,7
DA:506,7
DA:507,7
DA:509,7
DA:510,7
DA:511,14
DA:514,7
DA:515,7
DA:516,7
DA:517,7
DA:518,7
DA:519,7
DA:520,7
DA:521,7
DA:522,7
DA:523,7
DA:524,7
DA:525,0
DA:526,0
DA:527,0
DA:528,0
DA:529,0
DA:530,0
DA:531,0
DA:532,0
DA:533,0
DA:534,7
DA:535,0
DA:536,0
DA:537,0
DA:538,0
DA:539,0
DA:540,0
DA:541,0
DA:542,0
DA:543,0
DA:544,7
DA:545,0
DA:546,0
DA:547,0
DA:548,0
DA:549,0
DA:550,0
DA:551,0
DA:552,7
DA:553,0
DA:554,0
DA:555,0
DA:556,7
DA:557,0
DA:558,0
DA:559,0
DA:560,0
DA:561,0
DA:562,0
DA:563,0
DA:564,0
DA:565,0
DA:566,0
DA:567,7
DA:568,7
DA:569,0
DA:570,0
DA:571,0
DA:572,0
DA:573,0
DA:574,0
DA:575,7
DA:576,0
DA:577,0
DA:578,0
DA:579,0
DA:581,0
DA:582,0
DA:583,0
DA:585,0
DA:586,0
DA:587,0
DA:588,0
DA:589,0
DA:590,0
DA:591,0
DA:592,0
DA:593,0
DA:594,0
DA:595,0
DA:596,0
DA:597,0
DA:598,0
DA:599,0
DA:600,0
DA:601,7
DA:602,0
DA:603,0
DA:604,0
DA:605,0
DA:606,0
DA:607,0
DA:608,0
DA:609,0
DA:610,0
DA:611,0
DA:612,0
DA:613,7
DA:614,0
DA:615,0
DA:616,0
DA:617,0
DA:618,0
DA:619,0
DA:620,7
DA:621,0
DA:622,0
DA:623,0
DA:624,0
DA:625,0
DA:626,0
DA:627,7
DA:628,7
DA:629,7
DA:630,7
DA:631,7
DA:632,0
DA:633,0
DA:634,0
DA:635,0
DA:636,0
DA:638,0
DA:639,0
DA:640,0
DA:641,0
DA:642,0
DA:643,0
DA:644,0
DA:646,0
DA:647,0
DA:648,0
DA:649,0
DA:650,0
DA:651,0
DA:652,7
DA:653,0
DA:654,0
DA:655,0
DA:656,0
DA:657,0
DA:659,0
DA:660,0
DA:661,0
DA:662,0
DA:663,0
DA:664,0
DA:665,0
DA:666,7
DA:667,0
DA:668,0
DA:669,0
DA:670,0
DA:671,7
DA:672,0
DA:673,0
DA:674,0
DA:675,0
DA:676,7
DA:677,0
DA:678,0
DA:679,0
DA:680,0
DA:681,7
DA:684,7
DA:687,7
DA:688,7
DA:689,7
DA:690,7
DA:691,7
DA:692,7
DA:693,1
DA:694,1
DA:695,7
DA:696,7
DA:697,7
DA:698,7
DA:699,7
DA:700,7
DA:701,7
DA:702,7
DA:703,7
DA:704,7
DA:705,7
DA:706,0
DA:707,0
DA:708,0
DA:709,0
DA:710,7
DA:711,7
DA:712,7
DA:715,0
DA:716,0
DA:717,0
DA:718,0
DA:721,3
DA:722,3
DA:723,3
DA:724,3
DA:725,4
DA:726,3
DA:727,3
DA:728,3
DA:729,2
DA:730,3
DA:731,1
DA:732,3
DA:735,0
DA:736,0
DA:737,0
DA:738,0
DA:740,0
DA:741,0
DA:742,0
DA:743,0
DA:745,0
DA:746,0
DA:748,0
DA:750,0
DA:751,0
DA:752,0
DA:754,0
DA:755,0
DA:757,0
DA:758,0
DA:759,0
DA:760,0
DA:761,0
DA:762,0
DA:763,0
DA:764,0
DA:765,0
DA:768,0
DA:769,0
DA:770,0
DA:771,0
DA:773,0
DA:774,0
DA:775,0
DA:776,0
DA:777,0
DA:783,0
DA:785,0
DA:791,0
DA:792,0
DA:795,0
DA:796,0
DA:797,0
DA:798,0
DA:799,0
DA:800,0
DA:801,0
DA:803,0
DA:807,0
DA:808,0
DA:810,0
DA:811,0
DA:813,0
DA:814,0
DA:815,0
DA:816,0
DA:818,0
DA:819,0
DA:820,0
DA:821,0
DA:822,0
DA:823,0
DA:824,0
DA:825,0
DA:826,0
DA:827,0
DA:828,0
DA:830,0
DA:831,0
DA:832,0
DA:833,0
DA:835,0
DA:836,0
DA:837,0
DA:838,0
DA:839,0
DA:840,0
DA:841,0
DA:843,0
DA:844,0
DA:845,0
DA:846,0
DA:847,0
DA:848,0
DA:849,0
DA:850,0
DA:851,0
DA:852,0
DA:853,0
DA:854,0
DA:855,0
DA:856,0
DA:857,0
DA:860,0
DA:861,0
DA:862,0
DA:863,0
DA:864,0
DA:865,0
DA:866,0
DA:868,0
DA:869,0
DA:873,0
DA:874,0
DA:875,0
DA:876,0
DA:878,0
DA:879,0
DA:880,0
DA:881,0
DA:882,0
DA:883,0
DA:885,0
DA:886,0
DA:889,0
DA:890,0
DA:892,0
DA:893,0
DA:894,0
DA:895,0
DA:896,0
DA:898,0
DA:899,0
DA:900,0
DA:901,0
DA:902,0
DA:903,0
DA:904,0
DA:905,0
DA:906,0
DA:907,0
DA:908,0
DA:909,0
DA:911,0
DA:913,0
DA:914,0
DA:915,0
DA:918,0
DA:919,0
DA:920,0
DA:921,0
DA:922,0
DA:923,0
DA:924,0
DA:925,0
DA:926,0
DA:927,0
DA:928,0
DA:929,0
DA:930,0
DA:931,0
DA:932,0
DA:933,0
DA:934,0
DA:935,0
DA:936,0
DA:937,0
DA:938,0
DA:939,0
DA:940,0
DA:941,0
DA:942,0
DA:943,0
DA:944,0
DA:945,0
DA:946,0
DA:947,0
DA:950,5
DA:951,5
DA:952,5
DA:953,5
DA:954,5
DA:955,1
DA:956,5
DA:957,5
DA:958,1
DA:961,1
DA:962,1
DA:963,5
DA:964,1
DA:965,1
DA:966,1
DA:968,1
DA:969,1
DA:971,1
DA:972,1
DA:973,1
DA:975,0
DA:976,0
DA:977,0
DA:978,0
DA:979,0
DA:980,0
DA:981,0
DA:982,0
DA:983,0
DA:984,1
DA:985,0
DA:986,0
DA:987,4
DA:988,5
DA:991,2
DA:992,2
DA:995,2
DA:996,2
DA:997,2
DA:998,2
DA:999,2
DA:1001,2
DA:1002,2
DA:1003,2
DA:1004,2
DA:1005,2
DA:1006,2
DA:1009,2
DA:1010,2
DA:1014,2
DA:1016,2
DA:1018,2
DA:1019,2
DA:1020,2
DA:1021,2
DA:1023,2
DA:1024,2
DA:1025,2
DA:1026,0
DA:1027,0
DA:1028,0
DA:1029,0
DA:1032,2
DA:1033,2
DA:1034,2
DA:1035,2
DA:1036,2
DA:1038,2
DA:1039,2
DA:1040,0
DA:1042,2
DA:1043,0
DA:1044,2
DA:1045,2
DA:1046,2
DA:1048,2
DA:1050,2
DA:1051,2
DA:1052,2
DA:1053,2
DA:1054,2
DA:1055,2
DA:1056,2
DA:1059,3
DA:1060,3
DA:1061,3
DA:1062,3
DA:1063,3
DA:1064,0
DA:1065,0
DA:1066,0
DA:1067,0
DA:1069,3
DA:1070,0
DA:1071,0
DA:1072,0
DA:1073,0
DA:1077,3
DA:1078,3
DA:1079,3
DA:1080,0
DA:1081,3
DA:1083,3
DA:1085,3
DA:1086,1
DA:1087,1
DA:1088,1
DA:1089,1
DA:1090,2
DA:1093,2
DA:1094,2
DA:1095,2
DA:1096,2
DA:1099,2
DA:1100,0
DA:1101,0
DA:1102,0
DA:1103,0
DA:1104,2
DA:1106,2
DA:1107,2
DA:1108,2
DA:1109,2
DA:1110,2
DA:1112,0
DA:1114,0
DA:1115,0
DA:1117,0
DA:1118,0
DA:1119,0
DA:1120,0
DA:1121,0
DA:1122,0
DA:1123,0
DA:1125,0
DA:1126,3
DA:1129,0
DA:1130,0
DA:1131,0
DA:1132,0
DA:1133,0
DA:1134,0
DA:1135,0
DA:1136,0
DA:1137,0
DA:1138,0
DA:1139,0
DA:1140,0
DA:1141,0
DA:1142,0
DA:1143,0
DA:1144,0
DA:1145,0
DA:1146,0
DA:1147,0
DA:1148,0
DA:1149,0
DA:1150,0
DA:1151,0
DA:1152,0
DA:1153,0
DA:1154,0
DA:1155,0
DA:1158,0
DA:1159,0
DA:1160,0
DA:1161,0
DA:1163,0
DA:1165,0
DA:1166,0
DA:1167,0
DA:1170,0
DA:1171,0
DA:1172,0
DA:1175,0
DA:1176,0
DA:1179,37
DA:1180,37
DA:1181,37
DA:1182,37
DA:1185,0
DA:1186,0
DA:1187,0
DA:1188,0
DA:1189,0
DA:1190,0
DA:1193,37
DA:1194,37
DA:1195,37
DA:1196,37
DA:1199,0
DA:1200,0
DA:1201,0
DA:1202,0
DA:1205,4
DA:1206,4
DA:1207,4
DA:1208,4
DA:1211,0
DA:1213,0
DA:1214,0
DA:1215,0
DA:1216,0
DA:1217,0
DA:1218,0
DA:1219,0
DA:1220,0
DA:1221,0
DA:1223,0
DA:1224,0
DA:1225,0
DA:1226,0
DA:1227,0
DA:1228,0
DA:1229,0
DA:1232,0
DA:1233,0
DA:1234,0
DA:1236,0
DA:1237,0
DA:1239,0
DA:1240,0
DA:1241,0
DA:1243,0
DA:1244,0
DA:1247,2
DA:1248,2
DA:1249,2
DA:1251,2
DA:1252,2
DA:1253,2
DA:1254,2
DA:1255,2
DA:1256,2
DA:1257,2
DA:1258,2
DA:1259,2
DA:1260,2
DA:1261,2
DA:1263,2
DA:1264,2
DA:1265,2
DA:1266,2
DA:1267,2
DA:1268,2
DA:1270,2
DA:1271,2
DA:1272,2
DA:1275,29
DA:1276,29
DA:1277,29
DA:1278,29
DA:1279,29
DA:1280,29
DA:1281,29
DA:1282,15
DA:1283,29
DA:1286,13
DA:1287,13
DA:1288,13
DA:1289,13
DA:1290,13
DA:1292,13
DA:1293,13
DA:1294,13
DA:1295,13
DA:1296,13
DA:1298,13
DA:1299,13
DA:1300,13
DA:1301,13
DA:1302,13
DA:1303,13
DA:1306,0
DA:1307,0
DA:1312,0
DA:1314,0
DA:1315,0
DA:1316,0
DA:1317,0
DA:1318,0
DA:1319,0
DA:1320,0
DA:1321,0
DA:1322,0
DA:1323,0
DA:1324,0
DA:1326,0
DA:1327,0
DA:1329,0
DA:1330,0
DA:1331,0
DA:1333,0
DA:1334,0
DA:1335,0
DA:1336,0
DA:1337,0
DA:1340,46
DA:1341,46
DA:1342,46
DA:1343,46
DA:1344,46
DA:1346,46
DA:1347,18
DA:1348,46
DA:1350,46
DA:1351,0
DA:1352,0
DA:1353,0
DA:1354,0
DA:1355,0
DA:1356,0
DA:1357,0
DA:1358,0
DA:1359,0
DA:1360,0
DA:1361,0
DA:1362,0
DA:1363,0
DA:1364,0
DA:1365,0
DA:1366,0
DA:1367,0
DA:1368,0
DA:1369,0
DA:1370,0
DA:1372,46
DA:1373,46
DA:1374,14
DA:1375,14
DA:1376,14
DA:1377,14
DA:1378,46
DA:1379,24
DA:1380,46
DA:1381,31
DA:1382,46
BRDA:43,0,0,-
BRDA:43,0,1,-
BRDA:45,0,0,-
BRDA:45,0,1,-
BRDA:47,0,0,-
BRDA:47,0,1,-
BRDA:49,0,0,-
BRDA:49,0,1,-
BRDA:51,0,0,-
BRDA:51,0,1,-
BRDA:53,0,0,-
BRDA:53,0,1,-
BRDA:77,0,0,25
BRDA:77,0,1,0
BRDA:77,1,2,-
BRDA:77,1,3,-
BRDA:85,0,0,1
BRDA:85,0,1,0
BRDA:86,0,0,-
BRDA:86,0,1,-
BRDA:87,0,0,-
BRDA:87,0,1,-
BRDA:88,0,0,-
BRDA:88,0,1,-
BRDA:89,0,0,-
BRDA:89,0,1,-
BRDA:90,0,0,-
BRDA:90,0,1,-
BRDA:91,0,0,-
BRDA:91,0,1,-
BRDA:109,0,0,1
BRDA:109,0,1,0
BRDA:112,0,0,1
BRDA:112,0,1,0
BRDA:171,0,0,1
BRDA:171,0,1,33
BRDA:199,0,0,27
BRDA:199,0,1,7
BRDA:214,0,0,0
BRDA:214,0,1,34
BRDA:217,0,0,9
BRDA:217,0,1,25
BRDA:218,0,0,34
BRDA:218,0,1,0
BRDA:227,0,0,-
BRDA:227,0,1,-
BRDA:227,1,2,-
BRDA:227,1,3,-
BRDA:229,0,0,-
BRDA:229,0,1,-
BRDA:236,0,0,9
BRDA:236,0,1,25
BRDA:246,0,0,7
BRDA:246,0,1,18
BRDA:248,0,0,25
BRDA:248,0,1,0
BRDA:249,0,0,1
BRDA:249,0,1,24
BRDA:249,1,2,1
BRDA:249,1,3,0
BRDA:250,0,0,25
BRDA:250,0,1,0
BRDA:253,0,0,7
BRDA:253,0,1,18
BRDA:253,1,2,0
BRDA:253,1,3,18
BRDA:258,0,0,0
BRDA:258,0,1,18
BRDA:258,1,2,-
BRDA:258,1,3,-
BRDA:264,0,0,4
BRDA:264,0,1,14
BRDA:267,0,0,0
BRDA:267,0,1,14
BRDA:273,0,0,0
BRDA:273,0,1,14
BRDA:273,1,2,0
BRDA:273,1,3,14
BRDA:284,0,0,14
BRDA:284,0,1,0
BRDA:286,0,0,0
BRDA:286,0,1,14
BRDA:286,1,2,0
BRDA:286,1,3,14
BRDA:295,0,0,7
BRDA:295,0,1,7
BRDA:298,0,0,7
BRDA:298,0,1,0
BRDA:361,0,0,4
BRDA:361,0,1,14
BRDA:363,0,0,0
BRDA:363,0,1,4
BRDA:402,0,0,0
BRDA:402,0,1,1
BRDA:416,0,0,1
BRDA:416,0,1,0
BRDA:417,0,0,-
BRDA:417,0,1,-
BRDA:419,0,0,1
BRDA:419,0,1,0
BRDA:422,0,0,1
BRDA:422,0,1,0
BRDA:424,0,0,1
BRDA:424,0,1,0
BRDA:435,0,0,-
BRDA:435,0,1,-
BRDA:442,0,0,-
BRDA:442,0,1,-
BRDA:449,0,0,1
BRDA:449,0,1,0
BRDA:497,0,0,7
BRDA:497,0,1,7
BRDA:518,0,0,7
BRDA:518,0,1,0
BRDA:525,0,0,-
BRDA:525,0,1,-
BRDA:528,0,0,-
BRDA:528,0,1,-
BRDA:535,0,0,-
BRDA:535,0,1,-
BRDA:538,0,0,-
BRDA:538,0,1,-
BRDA:553,0,0,-
BRDA:553,0,1,-
BRDA:561,0,0,-
BRDA:561,0,1,-
BRDA:576,0,0,-
BRDA:576,0,1,-
BRDA:578,0,0,-
BRDA:578,0,1,-
BRDA:603,0,0,-
BRDA:603,0,1,-
BRDA:614,0,0,-
BRDA:614,0,1,-
BRDA:621,0,0,-
BRDA:621,0,1,-
BRDA:635,0,0,-
BRDA:635,0,1,-
BRDA:638,0,0,-
BRDA:638,0,1,-
BRDA:653,0,0,-
BRDA:653,0,1,-
BRDA:693,0,0,1
BRDA:693,0,1,0
BRDA:693,1,2,0
BRDA:693,1,3,1
BRDA:695,0,0,7
BRDA:695,0,1,0
BRDA:716,0,0,-
BRDA:716,0,1,-
BRDA:725,0,0,3
BRDA:725,0,1,1
BRDA:725,1,2,3
BRDA:725,1,3,1
BRDA:725,2,4,3
BRDA:725,2,5,0
BRDA:728,0,0,3
BRDA:728,0,1,0
BRDA:728,1,2,2
BRDA:728,1,3,1
BRDA:728,2,4,3
BRDA:728,2,5,0
BRDA:728,3,6,2
BRDA:728,3,7,1
BRDA:737,0,0,-
BRDA:737,0,1,-
BRDA:745,0,0,-
BRDA:745,0,1,-
BRDA:745,1,2,-
BRDA:745,1,3,-
BRDA:745,2,4,-
BRDA:745,2,5,-
BRDA:754,0,0,-
BRDA:754,0,1,-
BRDA:757,0,0,-
BRDA:757,0,1,-
BRDA:757,1,2,-
BRDA:757,1,3,-
BRDA:757,2,4,-
BRDA:757,2,5,-
BRDA:773,0,0,-
BRDA:773,0,1,-
BRDA:791,0,0,-
BRDA:791,0,1,-
BRDA:791,1,2,-
BRDA:791,1,3,-
BRDA:791,2,4,-
BRDA:791,2,5,-
BRDA:796,0,0,-
BRDA:796,0,1,-
BRDA:797,0,0,-
BRDA:797,0,1,-
BRDA:798,0,0,-
BRDA:798,0,1,-
BRDA:807,0,0,-
BRDA:807,0,1,-
BRDA:810,0,0,-
BRDA:810,0,1,-
BRDA:815,0,0,-
BRDA:815,0,1,-
BRDA:815,1,2,-
BRDA:815,1,3,-
BRDA:816,0,0,-
BRDA:816,0,1,-
BRDA:816,1,2,-
BRDA:816,1,3,-
BRDA:818,0,0,-
BRDA:818,0,1,-
BRDA:820,0,0,-
BRDA:820,0,1,-
BRDA:822,0,0,-
BRDA:822,0,1,-
BRDA:830,0,0,-
BRDA:830,0,1,-
BRDA:832,0,0,-
BRDA:832,0,1,-
BRDA:838,0,0,-
BRDA:838,0,1,-
BRDA:840,0,0,-
BRDA:840,0,1,-
BRDA:860,0,0,-
BRDA:860,0,1,-
BRDA:868,0,0,-
BRDA:868,0,1,-
BRDA:873,0,0,-
BRDA:873,0,1,-
BRDA:873,1,2,-
BRDA:873,1,3,-
BRDA:874,0,0,-
BRDA:874,0,1,-
BRDA:875,0,0,-
BRDA:875,0,1,-
BRDA:875,1,2,-
BRDA:875,1,3,-
BRDA:875,2,4,-
BRDA:875,2,5,-
BRDA:885,0,0,-
BRDA:885,0,1,-
BRDA:889,0,0,-
BRDA:889,0,1,-
BRDA:895,0,0,-
BRDA:895,0,1,-
BRDA:902,0,0,-
BRDA:902,0,1,-
BRDA:911,0,0,-
BRDA:911,0,1,-
BRDA:918,0,0,-
BRDA:918,0,1,-
BRDA:921,0,0,-
BRDA:921,0,1,-
BRDA:922,0,0,-
BRDA:922,0,1,-
BRDA:922,1,2,-
BRDA:922,1,3,-
BRDA:923,0,0,-
BRDA:923,0,1,-
BRDA:924,0,0,-
BRDA:924,0,1,-
BRDA:932,0,0,-
BRDA:932,0,1,-
BRDA:933,0,0,-
BRDA:933,0,1,-
BRDA:934,0,0,-
BRDA:934,0,1,-
BRDA:935,0,0,-
BRDA:935,0,1,-
BRDA:937,0,0,-
BRDA:937,0,1,-
BRDA:938,0,0,-
BRDA:938,0,1,-
BRDA:954,0,0,1
BRDA:954,0,1,4
BRDA:957,0,0,1
BRDA:957,0,1,4
BRDA:963,0,0,1
BRDA:963,0,1,4
BRDA:965,0,0,1
BRDA:965,0,1,0
BRDA:968,0,0,1
BRDA:968,0,1,0
BRDA:995,0,0,2
BRDA:995,0,1,0
BRDA:1001,0,0,2
BRDA:1001,0,1,0
BRDA:1019,0,0,2
BRDA:1019,0,1,0
BRDA:1025,0,0,0
BRDA:1025,0,1,2
BRDA:1032,0,0,2
BRDA:1032,0,1,0
BRDA:1032,1,2,2
BRDA:1032,1,3,0
BRDA:1032,2,4,2
BRDA:1032,2,5,0
BRDA:1039,0,0,0
BRDA:1039,0,1,2
BRDA:1042,0,0,0
BRDA:1042,0,1,2
BRDA:1042,1,2,-
BRDA:1042,1,3,-
BRDA:1061,0,0,3
BRDA:1061,0,1,0
BRDA:1063,0,0,0
BRDA:1063,0,1,3
BRDA:1069,0,0,0
BRDA:1069,0,1,3
BRDA:1079,0,0,0
BRDA:1079,0,1,3
BRDA:1079,1,2,0
BRDA:1079,1,3,3
BRDA:1085,0,0,1
BRDA:1085,0,1,2
BRDA:1094,0,0,2
BRDA:1094,0,1,0
BRDA:1099,0,0,0
BRDA:1099,0,1,2
BRDA:1106,0,0,2
BRDA:1106,0,1,0
BRDA:1114,0,0,-
BRDA:1114,0,1,-
BRDA:1114,1,2,-
BRDA:1114,1,3,-
BRDA:1114,2,4,-
BRDA:1114,2,5,-
BRDA:1117,0,0,-
BRDA:1117,0,1,-
BRDA:1131,0,0,-
BRDA:1131,0,1,-
BRDA:1131,1,2,-
BRDA:1131,1,3,-
BRDA:1142,0,0,-
BRDA:1142,0,1,-
BRDA:1148,0,0,-
BRDA:1148,0,1,-
BRDA:1160,0,0,-
BRDA:1160,0,1,-
BRDA:1166,0,0,-
BRDA:1166,0,1,-
BRDA:1170,0,0,-
BRDA:1170,0,1,-
BRDA:1194,0,0,37
BRDA:1194,0,1,0
BRDA:1200,0,0,-
BRDA:1200,0,1,-
BRDA:1206,0,0,4
BRDA:1206,0,1,0
BRDA:1216,0,0,-
BRDA:1216,0,1,-
BRDA:1216,1,2,-
BRDA:1216,1,3,-
BRDA:1216,2,4,-
BRDA:1216,2,5,-
BRDA:1223,0,0,-
BRDA:1223,0,1,-
BRDA:1233,0,0,-
BRDA:1233,0,1,-
BRDA:1240,0,0,-
BRDA:1240,0,1,-
BRDA:1252,0,0,2
BRDA:1252,0,1,0
BRDA:1252,1,2,1
BRDA:1252,1,3,1
BRDA:1263,0,0,2
BRDA:1263,0,1,0
BRDA:1270,0,0,2
BRDA:1270,0,1,0
BRDA:1281,0,0,15
BRDA:1281,0,1,14
BRDA:1300,0,0,13
BRDA:1300,0,1,0
BRDA:1301,0,0,13
BRDA:1301,0,1,0
BRDA:1317,0,0,-
BRDA:1317,0,1,-
BRDA:1320,0,0,-
BRDA:1320,0,1,-
BRDA:1320,1,2,-
BRDA:1320,1,3,-
BRDA:1320,2,4,-
BRDA:1320,2,5,-
BRDA:1323,0,0,-
BRDA:1323,0,1,-
BRDA:1323,1,2,-
BRDA:1323,1,3,-
BRDA:1323,2,4,-
BRDA:1323,2,5,-
BRDA:1326,0,0,-
BRDA:1326,0,1,-
BRDA:1327,0,0,-
BRDA:1327,0,1,-
BRDA:1330,0,0,-
BRDA:1330,0,1,-
BRDA:1334,0,0,-
BRDA:1334,0,1,-
BRDA:1346,0,0,18
BRDA:1346,0,1,28
BRDA:1350,0,0,14
BRDA:1350,0,1,32
BRDA:1350,1,2,0
BRDA:1350,1,3,14
BRDA:1354,0,0,-
BRDA:1354,0,1,-
BRDA:1360,0,0,-
BRDA:1360,0,1,-
BRDA:1360,1,2,-
BRDA:1360,1,3,-
BRDA:1373,0,0,14
BRDA:1373,0,1,32
BRDA:1378,0,0,24
BRDA:1378,0,1,22
BRDA:1380,0,0,31
BRDA:1380,0,1,15
BRF:412
BRH:111
LF:1407
LH:817
end_of_record
SF:/Users/runner/work/Draxul/Draxul/app/app.h
FN:74,_ZNK6draxul3App10init_errorEv
FN:69,_ZNK6draxul3App22last_render_test_errorEv
FNDA:13,_ZNK6draxul3App10init_errorEv
FNDA:0,_ZNK6draxul3App22last_render_test_errorEv
FNF:2
FNH:1
DA:69,0
DA:70,0
DA:71,0
DA:74,13
DA:75,13
DA:76,13
BRF:0
BRH:0
LF:6
LH:3
end_of_record
SF:/Users/runner/work/Draxul/Draxul/app/chrome_host.cpp
FN:14,_ZN6draxul10ChromeHostC2ENS0_4DepsE
FN:19,_ZN6draxul10ChromeHost10initializeERKNS_11HostContextERNS_14IHostCallbacksE
FN:27,_ZN6draxul10ChromeHost8shutdownEv
FN:38,_ZNK6draxul10ChromeHost10is_runningEv
FN:43,_ZN6draxul10ChromeHost12set_viewportERKNS_12HostViewportE
FN:48,_ZN6draxul10ChromeHost24create_initial_workspaceERNS_14IHostCallbacksEii
FN:67,_ZN6draxul10ChromeHost13add_workspaceERNS_14IHostCallbacksEiiNSt3__18optionalINS_8HostKindEEE
FN:88,_ZN6draxul10ChromeHost15close_workspaceEiRNS_14IHostCallbacksE
FN:109,_ZN6draxul10ChromeHost18activate_workspaceEi
FN:139,_ZN6draxul10ChromeHost14next_workspaceEv
FN:154,_ZN6draxul10ChromeHost14prev_workspaceEv
FN:169,_ZN6draxul10ChromeHost27activate_workspace_by_indexEi
FN:177,_ZN6draxul10ChromeHost19active_host_managerEv
FN:189,_ZNK6draxul10ChromeHost19active_host_managerEv
FN:200,_ZNK6draxul10ChromeHost11active_treeEv
FN:205,_ZNK6draxul10ChromeHost14tab_bar_heightEv
FN:215,_ZN6draxul10ChromeHost23recompute_all_viewportsEiiii
FN:221,_ZNK6draxul10ChromeHost19active_workspace_idEv
FN:226,_ZNK6draxul10ChromeHost22make_host_manager_depsEv
FN:263,_ZNK6draxul10ChromeHost12hit_test_tabEii
FN:285,_ZN6draxul10ChromeHost4drawERNS_13IFrameContextE
FN:515,_ZN6draxul10ChromeHost15update_tab_gridENSt3__14spanIKNS0_9TabLayoutELm18446744073709551615EEE
FN:592,_ZN6draxul10ChromeHost20flush_atlas_if_dirtyEv
FN:93,chrome_host.cpp:_ZZN6draxul10ChromeHost15close_workspaceEiRNS_14IHostCallbacksEENK3$_0clINSt3__110unique_ptrINS_9WorkspaceENS5_14default_deleteIS7_EEEEEEDaRKT_
FN:257,chrome_host.cpp:_ZN6draxul12_GLOBAL__N_19tab_labelEmRKNSt3__112basic_stringIcNS1_11char_traitsIcEENS1_9allocatorIcEEEE
FN:378,chrome_host.cpp:_ZZN6draxul10ChromeHost4drawERNS_13IFrameContextEENK3$_0clERKNS_9SplitTree11DividerRectE
FN:403,chrome_host.cpp:_ZZN6draxul10ChromeHost4drawERNS_13IFrameContextEENK3$_1clEP10NVGcontextii
FNDA:14,_ZN6draxul10ChromeHostC2ENS0_4DepsE
FNDA:14,_ZN6draxul10ChromeHost10initializeERKNS_11HostContextERNS_14IHostCallbacksE
FNDA:18,_ZN6draxul10ChromeHost8shutdownEv
FNDA:2,_ZNK6draxul10ChromeHost10is_runningEv
FNDA:14,_ZN6draxul10ChromeHost12set_viewportERKNS_12HostViewportE
FNDA:14,_ZN6draxul10ChromeHost24create_initial_workspaceERNS_14IHostCallbacksEii
FNDA:0,_ZN6draxul10ChromeHost13add_workspaceERNS_14IHostCallbacksEiiNSt3__18optionalINS_8HostKindEEE
FNDA:0,_ZN6draxul10ChromeHost15close_workspaceEiRNS_14IHostCallbacksE
FNDA:0,_ZN6draxul10ChromeHost18activate_workspaceEi
FNDA:0,_ZN6draxul10ChromeHost14next_workspaceEv
FNDA:0,_ZN6draxul10ChromeHost14prev_workspaceEv
FNDA:0,_ZN6draxul10ChromeHost27activate_workspace_by_indexEi
FNDA:65,_ZN6draxul10ChromeHost19active_host_managerEv
FNDA:2,_ZNK6draxul10ChromeHost19active_host_managerEv
FNDA:2,_ZNK6draxul10ChromeHost11active_treeEv
FNDA:1,_ZNK6draxul10ChromeHost14tab_bar_heightEv
FNDA:0,_ZN6draxul10ChromeHost23recompute_all_viewportsEiiii
FNDA:0,_ZNK6draxul10ChromeHost19active_workspace_idEv
FNDA:14,_ZNK6draxul10ChromeHost22make_host_manager_depsEv
FNDA:0,_ZNK6draxul10ChromeHost12hit_test_tabEii
FNDA:2,_ZN6draxul10ChromeHost4drawERNS_13IFrameContextE
FNDA:0,_ZN6draxul10ChromeHost15update_tab_gridENSt3__14spanIKNS0_9TabLayoutELm18446744073709551615EEE
FNDA:0,_ZN6draxul10ChromeHost20flush_atlas_if_dirtyEv
FNDA:0,chrome_host.cpp:_ZZN6draxul10ChromeHost15close_workspaceEiRNS_14IHostCallbacksEENK3$_0clINSt3__110unique_ptrINS_9WorkspaceENS5_14default_deleteIS7_EEEEEEDaRKT_
FNDA:0,chrome_host.cpp:_ZN6draxul12_GLOBAL__N_19tab_labelEmRKNSt3__112basic_stringIcNS1_11char_traitsIcEENS1_9allocatorIcEEEE
FNDA:0,chrome_host.cpp:_ZZN6draxul10ChromeHost4drawERNS_13IFrameContextEENK3$_0clERKNS_9SplitTree11DividerRectE
FNDA:0,chrome_host.cpp:_ZZN6draxul10ChromeHost4drawERNS_13IFrameContextEENK3$_1clEP10NVGcontextii
FNF:27
FNH:12
DA:14,14
DA:15,14
DA:16,14
DA:19,14
DA:20,14
DA:21,14
DA:22,14
DA:23,14
DA:24,14
DA:27,18
DA:28,18
DA:29,7
DA:30,18
DA:31,18
DA:32,18
DA:33,18
DA:34,18
DA:35,18
DA:38,2
DA:39,2
DA:40,2
DA:43,14
DA:44,14
DA:45,14
DA:48,14
DA:49,14
DA:50,14
DA:51,7
DA:52,7
DA:53,7
DA:54,7
DA:55,7
DA:56,7
DA:57,7
DA:58,0
DA:59,0
DA:60,7
DA:61,7
DA:62,7
DA:63,14
DA:67,0
DA:68,0
DA:70,0
DA:71,0
DA:72,0
DA:73,0
DA:74,0
DA:75,0
DA:76,0
DA:77,0
DA:78,0
DA:79,0
DA:80,0
DA:81,0
DA:82,0
DA:83,0
DA:84,0
DA:85,0
DA:88,0
DA:89,0
DA:90,0
DA:92,0
DA:93,0
DA:94,0
DA:95,0
DA:97,0
DA:99,0
DA:100,0
DA:102,0
DA:103,0
DA:105,0
DA:106,0
DA:109,0
DA:110,0
DA:111,0
DA:114,0
DA:115,0
DA:116,0
DA:117,0
DA:118,0
DA:119,0
DA:120,0
DA:121,0
DA:122,0
DA:124,0
DA:127,0
DA:128,0
DA:129,0
DA:130,0
DA:131,0
DA:132,0
DA:133,0
DA:134,0
DA:135,0
DA:136,0
DA:139,0
DA:140,0
DA:141,0
DA:142,0
DA:143,0
DA:144,0
DA:145,0
DA:146,0
DA:147,0
DA:148,0
DA:149,0
DA:150,0
DA:151,0
DA:154,0
DA:155,0
DA:156,0
DA:157,0
DA:158,0
DA:159,0
DA:160,0
DA:161,0
DA:162,0
DA:163,0
DA:164,0
DA:165,0
DA:166,0
DA:169,0
DA:170,0
DA:171,0
DA:172,0
DA:173,0
DA:174,0
DA:177,65
DA:178,65
DA:179,65
DA:180,65
DA:181,65
DA:182,65
DA:184,0
DA:185,0
DA:186,65
DA:189,2
DA:190,2
DA:191,2
DA:192,2
DA:193,2
DA:194,2
DA:195,0
DA:196,0
DA:197,2
DA:200,2
DA:201,2
DA:202,2
DA:205,1
DA:206,1
DA:207,1
DA:208,0
DA:209,0
DA:210,0
DA:211,0
DA:212,0
DA:215,0
DA:216,0
DA:217,0
DA:218,0
DA:221,0
DA:222,0
DA:223,0
DA:226,14
DA:227,14
DA:228,14
DA:229,14
DA:230,14
DA:231,14
DA:232,14
DA:233,14
DA:234,14
DA:235,14
DA:236,14
DA:237,14
DA:238,14
DA:239,14
DA:257,0
DA:258,0
DA:259,0
DA:263,0
DA:264,0
DA:265,0
DA:266,0
DA:267,0
DA:268,0
DA:270,0
DA:271,0
DA:272,0
DA:273,0
DA:274,0
DA:275,0
DA:276,0
DA:277,0
DA:278,0
DA:279,0
DA:280,0
DA:281,0
DA:282,0
DA:285,2
DA:286,2
DA:287,0
DA:289,2
DA:290,2
DA:292,2
DA:293,2
DA:298,0
DA:299,0
DA:300,0
DA:301,0
DA:302,0
DA:304,0
DA:305,0
DA:306,0
DA:307,0
DA:308,0
DA:309,0
DA:310,0
DA:311,0
DA:312,0
DA:313,0
DA:314,0
DA:315,0
DA:316,0
DA:317,0
DA:318,0
DA:320,0
DA:321,0
DA:322,0
DA:323,0
DA:324,0
DA:325,0
DA:326,0
DA:327,0
DA:329,0
DA:330,0
DA:331,0
DA:332,0
DA:335,0
DA:336,0
DA:337,0
DA:338,0
DA:339,0
DA:340,0
DA:341,0
DA:342,0
DA:343,0
DA:344,0
DA:345,0
DA:346,0
DA:347,0
DA:348,0
DA:349,0
DA:351,0
DA:352,0
DA:355,0
DA:356,0
DA:357,0
DA:358,0
DA:359,0
DA:360,0
DA:363,0
DA:364,0
DA:365,0
DA:366,0
DA:367,0
DA:368,0
DA:369,0
DA:370,0
DA:371,0
DA:372,0
DA:373,0
DA:375,0
DA:376,0
DA:377,0
DA:378,0
DA:379,0
DA:380,0
DA:381,0
DA:383,0
DA:384,0
DA:385,0
DA:386,0
DA:387,0
DA:388,0
DA:389,0
DA:390,0
DA:391,0
DA:392,0
DA:393,0
DA:394,0
DA:395,0
DA:396,0
DA:397,0
DA:400,0
DA:401,0
DA:402,0
DA:403,0
DA:405,0
DA:406,0
DA:408,0
DA:409,0
DA:410,0
DA:411,0
DA:413,0
DA:414,0
DA:415,0
DA:418,0
DA:419,0
DA:420,0
DA:421,0
DA:424,0
DA:425,0
DA:426,0
DA:428,0
DA:430,0
DA:431,0
DA:432,0
DA:433,0
DA:434,0
DA:435,0
DA:436,0
DA:437,0
DA:440,0
DA:441,0
DA:442,0
DA:443,0
DA:444,0
DA:445,0
DA:446,0
DA:447,0
DA:448,0
DA:449,0
DA:450,0
DA:451,0
DA:452,0
DA:453,0
DA:454,0
DA:455,0
DA:456,0
DA:457,0
DA:458,0
DA:461,0
DA:462,0
DA:463,0
DA:464,0
DA:465,0
DA:467,0
DA:468,0
DA:470,0
DA:471,0
DA:472,0
DA:473,0
DA:474,0
DA:475,0
DA:476,0
DA:477,0
DA:478,0
DA:479,0
DA:480,0
DA:481,0
DA:482,0
DA:484,0
DA:485,0
DA:487,0
DA:488,0
DA:489,0
DA:490,0
DA:492,0
DA:493,0
DA:494,0
DA:495,0
DA:496,0
DA:497,0
DA:500,0
DA:501,0
DA:502,0
DA:503,0
DA:506,0
DA:507,0
DA:508,0
DA:509,0
DA:510,0
DA:511,0
DA:512,0
DA:515,0
DA:516,0
DA:517,0
DA:519,0
DA:520,0
DA:521,0
DA:523,0
DA:524,0
DA:525,0
DA:526,0
DA:528,0
DA:529,0
DA:531,0
DA:532,0
DA:533,0
DA:534,0
DA:535,0
DA:537,0
DA:538,0
DA:539,0
DA:540,0
DA:541,0
DA:542,0
DA:543,0
DA:547,0
DA:548,0
DA:550,0
DA:551,0
DA:552,0
DA:553,0
DA:554,0
DA:555,0
DA:556,0
DA:557,0
DA:558,0
DA:562,0
DA:563,0
DA:564,0
DA:565,0
DA:567,0
DA:569,0
DA:570,0
DA:571,0
DA:572,0
DA:573,0
DA:576,0
DA:578,0
DA:579,0
DA:581,0
DA:582,0
DA:583,0
DA:584,0
DA:585,0
DA:587,0
DA:588,0
DA:589,0
DA:592,0
DA:593,0
DA:594,0
DA:595,0
DA:596,0
DA:598,0
DA:599,0
DA:600,0
DA:602,0
DA:603,0
DA:604,0
DA:605,0
DA:606,0
DA:607,0
DA:608,0
DA:609,0
DA:610,0
DA:611,0
DA:612,0
DA:613,0
DA:614,0
DA:615,0
DA:616,0
BRDA:28,0,0,7
BRDA:28,0,1,18
BRDA:50,0,0,7
BRDA:50,0,1,7
BRDA:56,0,0,7
BRDA:56,0,1,0
BRDA:71,0,0,-
BRDA:71,0,1,-
BRDA:77,0,0,-
BRDA:77,0,1,-
BRDA:89,0,0,-
BRDA:89,0,1,-
BRDA:94,0,0,-
BRDA:94,0,1,-
BRDA:102,0,0,-
BRDA:102,0,1,-
BRDA:110,0,0,-
BRDA:110,0,1,-
BRDA:114,0,0,-
BRDA:114,0,1,-
BRDA:116,0,0,-
BRDA:116,0,1,-
BRDA:118,0,0,-
BRDA:118,0,1,-
BRDA:127,0,0,-
BRDA:127,0,1,-
BRDA:129,0,0,-
BRDA:129,0,1,-
BRDA:131,0,0,-
BRDA:131,0,1,-
BRDA:140,0,0,-
BRDA:140,0,1,-
BRDA:142,0,0,-
BRDA:142,0,1,-
BRDA:144,0,0,-
BRDA:144,0,1,-
BRDA:155,0,0,-
BRDA:155,0,1,-
BRDA:157,0,0,-
BRDA:157,0,1,-
BRDA:159,0,0,-
BRDA:159,0,1,-
BRDA:161,0,0,-
BRDA:161,0,1,-
BRDA:171,0,0,-
BRDA:171,0,1,-
BRDA:171,1,2,-
BRDA:171,1,3,-
BRDA:178,0,0,65
BRDA:178,0,1,0
BRDA:180,0,0,65
BRDA:180,0,1,0
BRDA:190,0,0,2
BRDA:190,0,1,0
BRDA:192,0,0,2
BRDA:192,0,1,0
BRDA:206,0,0,1
BRDA:206,0,1,0
BRDA:208,0,0,-
BRDA:208,0,1,-
BRDA:216,0,0,-
BRDA:216,0,1,-
BRDA:264,0,0,-
BRDA:264,0,1,-
BRDA:264,1,2,-
BRDA:264,1,3,-
BRDA:267,0,0,-
BRDA:267,0,1,-
BRDA:267,1,2,-
BRDA:267,1,3,-
BRDA:267,2,4,-
BRDA:267,2,5,-
BRDA:267,3,6,-
BRDA:267,3,7,-
BRDA:271,0,0,-
BRDA:271,0,1,-
BRDA:277,0,0,-
BRDA:277,0,1,-
BRDA:277,1,2,-
BRDA:277,1,3,-
BRDA:286,0,0,0
BRDA:286,0,1,2
BRDA:292,0,0,2
BRDA:292,0,1,0
BRDA:292,1,2,2
BRDA:292,1,3,0
BRDA:304,0,0,-
BRDA:304,0,1,-
BRDA:304,1,2,-
BRDA:304,1,3,-
BRDA:309,0,0,-
BRDA:309,0,1,-
BRDA:309,1,2,-
BRDA:309,1,3,-
BRDA:313,0,0,-
BRDA:313,0,1,-
BRDA:342,0,0,-
BRDA:342,0,1,-
BRDA:342,1,2,-
BRDA:342,1,3,-
BRDA:347,0,0,-
BRDA:347,0,1,-
BRDA:375,0,0,-
BRDA:375,0,1,-
BRDA:384,0,0,-
BRDA:384,0,1,-
BRDA:387,0,0,-
BRDA:387,0,1,-
BRDA:387,1,2,-
BRDA:387,1,3,-
BRDA:400,0,0,-
BRDA:400,0,1,-
BRDA:405,0,0,-
BRDA:405,0,1,-
BRDA:413,0,0,-
BRDA:413,0,1,-
BRDA:424,0,0,-
BRDA:424,0,1,-
BRDA:440,0,0,-
BRDA:440,0,1,-
BRDA:443,0,0,-
BRDA:443,0,1,-
BRDA:461,0,0,-
BRDA:461,0,1,-
BRDA:472,0,0,-
BRDA:472,0,1,-
BRDA:474,0,0,-
BRDA:474,0,1,-
BRDA:475,0,0,-
BRDA:475,0,1,-
BRDA:477,0,0,-
BRDA:477,0,1,-
BRDA:478,0,0,-
BRDA:478,0,1,-
BRDA:481,0,0,-
BRDA:481,0,1,-
BRDA:482,0,0,-
BRDA:482,0,1,-
BRDA:506,0,0,-
BRDA:506,0,1,-
BRDA:506,1,2,-
BRDA:506,1,3,-
BRDA:509,0,0,-
BRDA:509,0,1,-
BRDA:516,0,0,-
BRDA:516,0,1,-
BRDA:516,1,2,-
BRDA:516,1,3,-
BRDA:520,0,0,-
BRDA:520,0,1,-
BRDA:520,1,2,-
BRDA:520,1,3,-
BRDA:528,0,0,-
BRDA:528,0,1,-
BRDA:531,0,0,-
BRDA:531,0,1,-
BRDA:550,0,0,-
BRDA:550,0,1,-
BRDA:563,0,0,-
BRDA:563,0,1,-
BRDA:569,0,0,-
BRDA:569,0,1,-
BRDA:572,0,0,-
BRDA:572,0,1,-
BRDA:572,1,2,-
BRDA:572,1,3,-
BRDA:576,0,0,-
BRDA:576,0,1,-
BRDA:576,1,2,-
BRDA:576,1,3,-
BRDA:593,0,0,-
BRDA:593,0,1,-
BRDA:593,1,2,-
BRDA:593,1,3,-
BRDA:595,0,0,-
BRDA:595,0,1,-
BRDA:599,0,0,-
BRDA:599,0,1,-
BRDA:599,1,2,-
BRDA:599,1,3,-
BRDA:607,0,0,-
BRDA:607,0,1,-
BRF:182
BRH:13
LF:546
LH:78
end_of_record
SF:/Users/runner/work/Draxul/Draxul/app/chrome_host.h
FN:124,_ZNK6draxul10ChromeHost17last_create_errorEv
FN:119,_ZNK6draxul10ChromeHost15workspace_countEv
FN:47,_ZNK6draxul10ChromeHost10init_errorEv
FN:52,_ZN6draxul10ChromeHost4pumpEv
FN:55,_ZNK6draxul10ChromeHost13next_deadlineEv
FN:60,_ZN6draxul10ChromeHost15dispatch_actionENSt3__117basic_string_viewIcNS1_11char_traitsIcEEEE
FN:63,_ZN6draxul10ChromeHost13request_closeEv
FN:65,_ZNK6draxul10ChromeHost18default_backgroundEv
FN:69,_ZNK6draxul10ChromeHost13runtime_stateEv
FN:73,_ZNK6draxul10ChromeHost11debug_stateEv
FNDA:7,_ZNK6draxul10ChromeHost17last_create_errorEv
FNDA:1,_ZNK6draxul10ChromeHost15workspace_countEv
FNDA:0,_ZNK6draxul10ChromeHost10init_errorEv
FNDA:0,_ZN6draxul10ChromeHost4pumpEv
FNDA:0,_ZNK6draxul10ChromeHost13next_deadlineEv
FNDA:0,_ZN6draxul10ChromeHost15dispatch_actionENSt3__117basic_string_viewIcNS1_11char_traitsIcEEEE
FNDA:0,_ZN6draxul10ChromeHost13request_closeEv
FNDA:0,_ZNK6draxul10ChromeHost18default_backgroundEv
FNDA:0,_ZNK6draxul10ChromeHost13runtime_stateEv
FNDA:0,_ZNK6draxul10ChromeHost11debug_stateEv
FNF:10
FNH:2
DA:47,0
DA:48,0
DA:49,0
DA:52,0
DA:55,0
DA:56,0
DA:57,0
DA:60,0
DA:61,0
DA:62,0
DA:63,0
DA:65,0
DA:66,0
DA:67,0
DA:69,0
DA:70,0
DA:71,0
DA:73,0
DA:74,0
DA:75,0
DA:119,1
DA:120,1
DA:121,1
DA:124,7
DA:125,7
DA:126,7
BRF:0
BRH:0
LF:26
LH:6
end_of_record
SF:/Users/runner/work/Draxul/Draxul/app/command_palette.cpp
FN:14,_ZN6draxul14CommandPaletteC2Ev
FN:17,_ZN6draxul14CommandPaletteC2ENS0_4DepsE
FN:22,_ZN6draxul14CommandPalette4openEv
FN:43,_ZN6draxul14CommandPalette5closeEv
FN:54,_ZNK6draxul14CommandPalette7is_openEv
FN:59,_ZN6draxul14CommandPalette6on_keyERKNS_8KeyEventE
FN:124,_ZN6draxul14CommandPalette13on_text_inputERKNS_14TextInputEventE
FN:136,_ZNK6draxul14CommandPalette11split_queryEv
FN:145,_ZN6draxul14CommandPalette8refilterEv
FN:178,_ZN6draxul14CommandPalette16execute_selectedEv
FN:194,_ZN6draxul14CommandPalette14move_selectionEi
FN:203,_ZNK6draxul14CommandPalette19shortcut_for_actionENSt3__117basic_string_viewIcNS1_11char_traitsIcEEEE
FN:222,_ZN6draxul14CommandPalette10view_stateEiif
FN:165,command_palette.cpp:_ZZN6draxul14CommandPalette8refilterEvENK3$_0clERKNS0_13FilteredEntryES4_
FNDA:12,_ZN6draxul14CommandPaletteC2Ev
FNDA:8,_ZN6draxul14CommandPaletteC2ENS0_4DepsE
FNDA:4,_ZN6draxul14CommandPalette4openEv
FNDA:3,_ZN6draxul14CommandPalette5closeEv
FNDA:9,_ZNK6draxul14CommandPalette7is_openEv
FNDA:3,_ZN6draxul14CommandPalette6on_keyERKNS_8KeyEventE
FNDA:0,_ZN6draxul14CommandPalette13on_text_inputERKNS_14TextInputEventE
FNDA:4,_ZNK6draxul14CommandPalette11split_queryEv
FNDA:4,_ZN6draxul14CommandPalette8refilterEv
FNDA:0,_ZN6draxul14CommandPalette16execute_selectedEv
FNDA:0,_ZN6draxul14CommandPalette14move_selectionEi
FNDA:100,_ZNK6draxul14CommandPalette19shortcut_for_actionENSt3__117basic_string_viewIcNS1_11char_traitsIcEEEE
FNDA:1,_ZN6draxul14CommandPalette10view_stateEiif
FNDA:0,command_palette.cpp:_ZZN6draxul14CommandPalette8refilterEvENK3$_0clERKNS0_13FilteredEntryES4_
FNF:14
FNH:10
DA:14,12
DA:17,8
DA:18,8
DA:19,8
DA:22,4
DA:23,4
DA:24,0
DA:25,4
DA:26,4
DA:27,4
DA:30,4
DA:31,4
DA:32,104
DA:33,104
DA:34,100
DA:35,104
DA:36,4
DA:38,4
DA:39,1
DA:40,4
DA:43,3
DA:44,3
DA:45,0
DA:46,3
DA:47,3
DA:48,1
DA:49,3
DA:50,1
DA:51,3
DA:54,9
DA:55,9
DA:56,9
DA:59,3
DA:60,3
DA:61,1
DA:63,2
DA:64,0
DA:66,2
DA:67,2
DA:69,2
DA:70,1
DA:71,1
DA:72,1
DA:73,1
DA:74,1
DA:75,0
DA:76,0
DA:77,0
DA:78,0
DA:79,1
DA:80,0
DA:81,0
DA:82,0
DA:83,0
DA:84,1
DA:85,0
DA:86,0
DA:87,0
DA:88,0
DA:89,1
DA:90,0
DA:91,0
DA:92,0
DA:93,0
DA:94,0
DA:95,0
DA:96,0
DA:97,0
DA:98,0
DA:99,0
DA:101,1
DA:102,0
DA:103,0
DA:104,0
DA:105,0
DA:106,0
DA:107,0
DA:108,0
DA:109,0
DA:110,0
DA:111,0
DA:113,1
DA:114,0
DA:115,0
DA:116,0
DA:117,0
DA:120,1
DA:121,1
DA:124,0
DA:125,0
DA:126,0
DA:128,0
DA:129,0
DA:130,0
DA:131,0
DA:132,0
DA:133,0
DA:136,4
DA:137,4
DA:138,4
DA:139,4
DA:140,0
DA:141,0
DA:142,4
DA:145,4
DA:146,4
DA:147,4
DA:149,4
DA:150,100
DA:151,100
DA:152,100
DA:153,100
DA:154,100
DA:155,0
DA:156,0
DA:157,0
DA:158,0
DA:159,0
DA:160,0
DA:161,100
DA:163,4
DA:164,0
DA:165,0
DA:166,0
DA:167,0
DA:168,0
DA:169,0
DA:170,0
DA:171,0
DA:172,0
DA:174,4
DA:175,4
DA:178,0
DA:179,0
DA:180,0
DA:181,0
DA:182,0
DA:183,0
DA:184,0
DA:185,0
DA:186,0
DA:187,0
DA:188,0
DA:189,0
DA:190,0
DA:191,0
DA:194,0
DA:195,0
DA:196,0
DA:197,0
DA:198,0
DA:199,0
DA:200,0
DA:203,100
DA:204,100
DA:205,100
DA:206,0
DA:207,0
DA:208,0
DA:209,0
DA:210,0
DA:211,0
DA:212,0
DA:213,0
DA:214,0
DA:215,0
DA:216,0
DA:217,0
DA:218,0
DA:219,0
DA:222,1
DA:224,1
DA:225,1
DA:226,1
DA:227,25
DA:228,25
DA:229,25
DA:230,25
DA:231,25
DA:232,25
DA:233,25
DA:235,1
DA:236,1
DA:237,1
DA:238,1
DA:239,1
DA:240,1
DA:241,1
DA:242,1
DA:243,1
BRDA:23,0,0,0
BRDA:23,0,1,4
BRDA:31,0,0,104
BRDA:31,0,1,4
BRDA:33,0,0,100
BRDA:33,0,1,4
BRDA:38,0,0,1
BRDA:38,0,1,3
BRDA:44,0,0,0
BRDA:44,0,1,3
BRDA:47,0,0,1
BRDA:47,0,1,2
BRDA:49,0,0,1
BRDA:49,0,1,2
BRDA:60,0,0,1
BRDA:60,0,1,2
BRDA:63,0,0,0
BRDA:63,0,1,2
BRDA:69,0,0,1
BRDA:69,0,1,1
BRDA:74,0,0,0
BRDA:74,0,1,1
BRDA:74,1,2,0
BRDA:74,1,3,1
BRDA:79,0,0,0
BRDA:79,0,1,1
BRDA:79,1,2,-
BRDA:79,1,3,-
BRDA:79,2,4,0
BRDA:79,2,5,1
BRDA:84,0,0,0
BRDA:84,0,1,1
BRDA:84,1,2,-
BRDA:84,1,3,-
BRDA:84,2,4,0
BRDA:84,2,5,1
BRDA:89,0,0,0
BRDA:89,0,1,1
BRDA:91,0,0,-
BRDA:91,0,1,-
BRDA:95,0,0,-
BRDA:95,0,1,-
BRDA:101,0,0,0
BRDA:101,0,1,1
BRDA:103,0,0,-
BRDA:103,0,1,-
BRDA:103,1,2,-
BRDA:103,1,3,-
BRDA:107,0,0,-
BRDA:107,0,1,-
BRDA:113,0,0,0
BRDA:113,0,1,1
BRDA:113,1,2,-
BRDA:113,1,3,-
BRDA:113,2,4,-
BRDA:113,2,5,-
BRDA:125,0,0,-
BRDA:125,0,1,-
BRDA:130,0,0,-
BRDA:130,0,1,-
BRDA:138,0,0,4
BRDA:138,0,1,0
BRDA:149,0,0,100
BRDA:149,0,1,4
BRDA:151,0,0,100
BRDA:151,0,1,0
BRDA:158,0,0,-
BRDA:158,0,1,-
BRDA:163,0,0,0
BRDA:163,0,1,4
BRDA:166,0,0,-
BRDA:166,0,1,-
BRDA:168,0,0,-
BRDA:168,0,1,-
BRDA:179,0,0,-
BRDA:179,0,1,-
BRDA:179,1,2,-
BRDA:179,1,3,-
BRDA:184,0,0,-
BRDA:184,0,1,-
BRDA:195,0,0,-
BRDA:195,0,1,-
BRDA:198,0,0,-
BRDA:198,0,1,-
BRDA:204,0,0,100
BRDA:204,0,1,0
BRDA:206,0,0,-
BRDA:206,0,1,-
BRDA:208,0,0,-
BRDA:208,0,1,-
BRDA:210,0,0,-
BRDA:210,0,1,-
BRDA:226,0,0,25
BRDA:226,0,1,1
BRF:94
BRH:34
LF:197
LH:90
end_of_record
SF:/Users/runner/work/Draxul/Draxul/app/command_palette_host.cpp
FN:14,_ZN6draxul18CommandPaletteHostC2ENS0_4DepsE
FN:19,_ZN6draxul18CommandPaletteHost10initializeERKNS_11HostContextERNS_14IHostCallbacksE
FN:50,_ZN6draxul18CommandPaletteHost8shutdownEv
FN:57,_ZNK6draxul18CommandPaletteHost10is_runningEv
FN:62,_ZNK6draxul18CommandPaletteHost10init_errorEv
FN:67,_ZN6draxul18CommandPaletteHost12set_viewportERKNS_12HostViewportE
FN:77,_ZN6draxul18CommandPaletteHost4pumpEv
FN:85,_ZN6draxul18CommandPaletteHost20refresh_open_paletteEv
FN:104,_ZN6draxul18CommandPaletteHost4drawERNS_13IFrameContextE
FN:110,_ZNK6draxul18CommandPaletteHost23palette_pane_descriptorEv
FN:118,_ZNK6draxul18CommandPaletteHost13next_deadlineEv
FN:123,_ZN6draxul18CommandPaletteHost6on_keyERKNS_8KeyEventE
FN:128,_ZN6draxul18CommandPaletteHost13on_text_inputERKNS_14TextInputEventE
FN:133,_ZN6draxul18CommandPaletteHost15dispatch_actionENSt3__117basic_string_viewIcNS1_11char_traitsIcEEEE
FN:155,_ZN6draxul18CommandPaletteHost13request_closeEv
FN:162,_ZNK6draxul18CommandPaletteHost18default_backgroundEv
FN:167,_ZNK6draxul18CommandPaletteHost13runtime_stateEv
FN:172,_ZNK6draxul18CommandPaletteHost11debug_stateEv
FN:177,_ZNK6draxul18CommandPaletteHost9is_activeEv
FN:182,_ZN6draxul18CommandPaletteHost20flush_atlas_if_dirtyEv
FN:37,command_palette_host.cpp:_ZZN6draxul18CommandPaletteHost10initializeERKNS_11HostContextERNS_14IHostCallbacksEENK3$_0clEv
FN:41,command_palette_host.cpp:_ZZN6draxul18CommandPaletteHost10initializeERKNS_11HostContextERNS_14IHostCallbacksEENK3$_1clEv
FNDA:8,_ZN6draxul18CommandPaletteHostC2ENS0_4DepsE
FNDA:8,_ZN6draxul18CommandPaletteHost10initializeERKNS_11HostContextERNS_14IHostCallbacksE
FNDA:1,_ZN6draxul18CommandPaletteHost8shutdownEv
FNDA:0,_ZNK6draxul18CommandPaletteHost10is_runningEv
FNDA:0,_ZNK6draxul18CommandPaletteHost10init_errorEv
FNDA:8,_ZN6draxul18CommandPaletteHost12set_viewportERKNS_12HostViewportE
FNDA:2,_ZN6draxul18CommandPaletteHost4pumpEv
FNDA:1,_ZN6draxul18CommandPaletteHost20refresh_open_paletteEv
FNDA:2,_ZN6draxul18CommandPaletteHost4drawERNS_13IFrameContextE
FNDA:1,_ZNK6draxul18CommandPaletteHost23palette_pane_descriptorEv
FNDA:0,_ZNK6draxul18CommandPaletteHost13next_deadlineEv
FNDA:0,_ZN6draxul18CommandPaletteHost6on_keyERKNS_8KeyEventE
FNDA:0,_ZN6draxul18CommandPaletteHost13on_text_inputERKNS_14TextInputEventE
FNDA:1,_ZN6draxul18CommandPaletteHost15dispatch_actionENSt3__117basic_string_viewIcNS1_11char_traitsIcEEEE
FNDA:0,_ZN6draxul18CommandPaletteHost13request_closeEv
FNDA:0,_ZNK6draxul18CommandPaletteHost18default_backgroundEv
FNDA:0,_ZNK6draxul18CommandPaletteHost13runtime_stateEv
FNDA:0,_ZNK6draxul18CommandPaletteHost11debug_stateEv
FNDA:2,_ZNK6draxul18CommandPaletteHost9is_activeEv
FNDA:1,_ZN6draxul18CommandPaletteHost20flush_atlas_if_dirtyEv
FNDA:2,command_palette_host.cpp:_ZZN6draxul18CommandPaletteHost10initializeERKNS_11HostContextERNS_14IHostCallbacksEENK3$_0clEv
FNDA:1,command_palette_host.cpp:_ZZN6draxul18CommandPaletteHost10initializeERKNS_11HostContextERNS_14IHostCallbacksEENK3$_1clEv
FNF:22
FNH:13
DA:14,8
DA:15,8
DA:16,8
DA:19,8
DA:20,8
DA:21,8
DA:22,8
DA:24,8
DA:25,0
DA:28,8
DA:34,8
DA:35,8
DA:36,8
DA:37,8
DA:38,2
DA:39,2
DA:40,2
DA:41,8
DA:42,1
DA:43,1
DA:44,8
DA:46,8
DA:47,8
DA:50,1
DA:51,1
DA:52,1
DA:53,0
DA:54,1
DA:57,0
DA:58,0
DA:59,0
DA:62,0
DA:63,0
DA:64,0
DA:67,8
DA:68,8
DA:69,8
DA:70,8
DA:71,8
DA:72,8
DA:73,0
DA:74,8
DA:77,2
DA:78,2
DA:79,2
DA:81,0
DA:82,0
DA:85,1
DA:86,1
DA:87,0
DA:89,1
DA:90,1
DA:91,1
DA:92,1
DA:93,1
DA:95,1
DA:96,1
DA:97,1
DA:98,1
DA:100,1
DA:101,1
DA:104,2
DA:105,2
DA:106,0
DA:107,2
DA:110,1
DA:111,1
DA:112,1
DA:113,1
DA:114,1
DA:115,1
DA:118,0
DA:119,0
DA:120,0
DA:123,0
DA:124,0
DA:125,0
DA:128,0
DA:129,0
DA:130,0
DA:133,1
DA:134,1
DA:135,1
DA:136,1
DA:137,0
DA:138,0
DA:139,0
DA:140,1
DA:141,1
DA:142,1
DA:143,1
DA:144,1
DA:145,1
DA:146,1
DA:147,1
DA:148,1
DA:149,1
DA:150,1
DA:151,0
DA:152,1
DA:155,0
DA:156,0
DA:157,0
DA:158,0
DA:159,0
DA:162,0
DA:163,0
DA:164,0
DA:167,0
DA:168,0
DA:169,0
DA:172,0
DA:173,0
DA:174,0
DA:177,2
DA:178,2
DA:179,2
DA:182,1
DA:183,1
DA:184,0
DA:186,1
DA:187,1
DA:188,0
DA:190,1
DA:191,1
DA:192,1
DA:193,1
DA:194,1
DA:195,21
DA:196,20
DA:197,20
DA:198,20
DA:199,20
DA:200,20
DA:201,1
DA:202,1
DA:203,1
DA:207,1
DA:208,1
DA:209,1
BRDA:24,0,0,0
BRDA:24,0,1,8
BRDA:38,0,0,2
BRDA:38,0,1,0
BRDA:52,0,0,0
BRDA:52,0,1,1
BRDA:72,0,0,0
BRDA:72,0,1,8
BRDA:78,0,0,2
BRDA:78,0,1,0
BRDA:78,1,2,-
BRDA:78,1,3,-
BRDA:78,2,4,-
BRDA:78,2,5,-
BRDA:78,3,6,-
BRDA:78,3,7,-
BRDA:86,0,0,0
BRDA:86,0,1,1
BRDA:86,1,2,0
BRDA:86,1,3,1
BRDA:86,2,4,0
BRDA:86,2,5,1
BRDA:86,3,6,0
BRDA:86,3,7,1
BRDA:90,0,0,1
BRDA:90,0,1,0
BRDA:91,0,0,1
BRDA:91,0,1,0
BRDA:95,0,0,0
BRDA:95,0,1,1
BRDA:105,0,0,0
BRDA:105,0,1,2
BRDA:105,1,2,-
BRDA:105,1,3,-
BRDA:134,0,0,1
BRDA:134,0,1,0
BRDA:136,0,0,0
BRDA:136,0,1,1
BRDA:147,0,0,1
BRDA:147,0,1,0
BRDA:157,0,0,-
BRDA:157,0,1,-
BRDA:183,0,0,0
BRDA:183,0,1,1
BRDA:187,0,0,0
BRDA:187,0,1,1
BRDA:187,1,2,0
BRDA:187,1,3,1
BRDA:195,0,0,20
BRDA:195,0,1,1
BRDA:207,0,0,1
BRDA:207,0,1,0
BRDA:207,1,2,1
BRDA:207,1,3,0
BRF:54
BRH:23
LF:147
LH:105
end_of_record
SF:/Users/runner/work/Draxul/Draxul/app/diagnostics_panel_host.cpp
FN:9,_ZN6draxul20DiagnosticsPanelHost10initializeERKNS_11HostContextERNS_14IHostCallbacksE
FN:15,_ZN6draxul20DiagnosticsPanelHost8shutdownEv
FN:23,_ZNK6draxul20DiagnosticsPanelHost10is_runningEv
FN:28,_ZNK6draxul20DiagnosticsPanelHost10init_errorEv
FN:33,_ZN6draxul20DiagnosticsPanelHost12set_viewportERKNS_12HostViewportE
FN:38,_ZN6draxul20DiagnosticsPanelHost4pumpEv
FN:42,_ZN6draxul20DiagnosticsPanelHost4drawERNS_13IFrameContextE
FN:60,_ZNK6draxul20DiagnosticsPanelHost13next_deadlineEv
FN:65,_ZN6draxul20DiagnosticsPanelHost6on_keyERKNS_8KeyEventE
FN:70,_ZN6draxul20DiagnosticsPanelHost13on_text_inputERKNS_14TextInputEventE
FN:75,_ZN6draxul20DiagnosticsPanelHost15on_mouse_buttonERKNS_16MouseButtonEventE
FN:80,_ZN6draxul20DiagnosticsPanelHost13on_mouse_moveERKNS_14MouseMoveEventE
FN:85,_ZN6draxul20DiagnosticsPanelHost14on_mouse_wheelERKNS_15MouseWheelEventE
FN:90,_ZN6draxul20DiagnosticsPanelHost15dispatch_actionENSt3__117basic_string_viewIcNS1_11char_traitsIcEEEE
FN:101,_ZN6draxul20DiagnosticsPanelHost13request_closeEv
FN:106,_ZNK6draxul20DiagnosticsPanelHost18default_backgroundEv
FN:111,_ZNK6draxul20DiagnosticsPanelHost13runtime_stateEv
FN:116,_ZNK6draxul20DiagnosticsPanelHost11debug_stateEv
FN:121,_ZN6draxul20DiagnosticsPanelHost17attach_imgui_hostERNS_10IImGuiHostE
FN:126,_ZN6draxul20DiagnosticsPanelHost14set_imgui_fontERKNSt3__112basic_stringIcNS1_11char_traitsIcEENS1_9allocatorIcEEEEf
FN:131,_ZN6draxul20DiagnosticsPanelHost11set_visibleEb
FN:143,_ZNK6draxul20DiagnosticsPanelHost7visibleEv
FN:148,_ZN6draxul20DiagnosticsPanelHost18set_window_metricsEiiiiif
FN:153,_ZNK6draxul20DiagnosticsPanelHost6layoutEv
FN:158,_ZN6draxul20DiagnosticsPanelHost23update_diagnostic_stateERKNS_20DiagnosticPanelStateE
FNDA:14,_ZN6draxul20DiagnosticsPanelHost10initializeERKNS_11HostContextERNS_14IHostCallbacksE
FNDA:14,_ZN6draxul20DiagnosticsPanelHost8shutdownEv
FNDA:0,_ZNK6draxul20DiagnosticsPanelHost10is_runningEv
FNDA:0,_ZNK6draxul20DiagnosticsPanelHost10init_errorEv
FNDA:0,_ZN6draxul20DiagnosticsPanelHost12set_viewportERKNS_12HostViewportE
FNDA:0,_ZN6draxul20DiagnosticsPanelHost4pumpEv
FNDA:2,_ZN6draxul20DiagnosticsPanelHost4drawERNS_13IFrameContextE
FNDA:0,_ZNK6draxul20DiagnosticsPanelHost13next_deadlineEv
FNDA:0,_ZN6draxul20DiagnosticsPanelHost6on_keyERKNS_8KeyEventE
FNDA:0,_ZN6draxul20DiagnosticsPanelHost13on_text_inputERKNS_14TextInputEventE
FNDA:0,_ZN6draxul20DiagnosticsPanelHost15on_mouse_buttonERKNS_16MouseButtonEventE
FNDA:0,_ZN6draxul20DiagnosticsPanelHost13on_mouse_moveERKNS_14MouseMoveEventE
FNDA:0,_ZN6draxul20DiagnosticsPanelHost14on_mouse_wheelERKNS_15MouseWheelEventE
FNDA:0,_ZN6draxul20DiagnosticsPanelHost15dispatch_actionENSt3__117basic_string_viewIcNS1_11char_traitsIcEEEE
FNDA:0,_ZN6draxul20DiagnosticsPanelHost13request_closeEv
FNDA:0,_ZNK6draxul20DiagnosticsPanelHost18default_backgroundEv
FNDA:0,_ZNK6draxul20DiagnosticsPanelHost13runtime_stateEv
FNDA:0,_ZNK6draxul20DiagnosticsPanelHost11debug_stateEv
FNDA:14,_ZN6draxul20DiagnosticsPanelHost17attach_imgui_hostERNS_10IImGuiHostE
FNDA:15,_ZN6draxul20DiagnosticsPanelHost14set_imgui_fontERKNSt3__112basic_stringIcNS1_11char_traitsIcEENS1_9allocatorIcEEEEf
FNDA:14,_ZN6draxul20DiagnosticsPanelHost11set_visibleEb
FNDA:2,_ZNK6draxul20DiagnosticsPanelHost7visibleEv
FNDA:15,_ZN6draxul20DiagnosticsPanelHost18set_window_metricsEiiiiif
FNDA:28,_ZNK6draxul20DiagnosticsPanelHost6layoutEv
FNDA:2,_ZN6draxul20DiagnosticsPanelHost23update_diagnostic_stateERKNS_20DiagnosticPanelStateE
FNF:25
FNH:10
DA:9,14
DA:10,14
DA:11,14
DA:12,14
DA:15,14
DA:16,14
DA:17,14
DA:18,14
DA:19,14
DA:20,14
DA:23,0
DA:24,0
DA:25,0
DA:28,0
DA:29,0
DA:30,0
DA:33,0
DA:34,0
DA:35,0
DA:38,0
DA:39,0
DA:42,2
DA:43,2
DA:44,1
DA:46,1
DA:47,1
DA:48,1
DA:49,1
DA:50,0
DA:52,1
DA:53,1
DA:54,1
DA:55,1
DA:56,1
DA:57,1
DA:60,0
DA:61,0
DA:62,0
DA:65,0
DA:66,0
DA:67,0
DA:70,0
DA:71,0
DA:72,0
DA:75,0
DA:76,0
DA:77,0
DA:80,0
DA:81,0
DA:82,0
DA:85,0
DA:86,0
DA:87,0
DA:90,0
DA:91,0
DA:92,0
DA:94,0
DA:95,0
DA:96,0
DA:97,0
DA:98,0
DA:101,0
DA:102,0
DA:103,0
DA:106,0
DA:107,0
DA:108,0
DA:111,0
DA:112,0
DA:113,0
DA:116,0
DA:117,0
DA:118,0
DA:121,14
DA:122,14
DA:123,14
DA:126,15
DA:127,15
DA:128,15
DA:131,14
DA:132,14
DA:133,14
DA:134,13
DA:135,13
DA:136,13
DA:137,13
DA:138,14
DA:139,14
DA:140,14
DA:143,2
DA:144,2
DA:145,2
DA:148,15
DA:149,15
DA:150,15
DA:153,28
DA:154,28
DA:155,28
DA:158,2
DA:159,2
DA:160,2
BRDA:43,0,0,1
BRDA:43,0,1,1
BRDA:43,1,2,0
BRDA:43,1,3,1
BRDA:49,0,0,0
BRDA:49,0,1,1
BRDA:55,0,0,1
BRDA:55,0,1,0
BRDA:55,1,2,1
BRDA:55,1,3,0
BRDA:91,0,0,-
BRDA:91,0,1,-
BRDA:95,0,0,-
BRDA:95,0,1,-
BRDA:133,0,0,13
BRDA:133,0,1,1
BRDA:138,0,0,14
BRDA:138,0,1,0
BRF:18
BRH:9
LF:101
LH:51
end_of_record
SF:/Users/runner/work/Draxul/Draxul/app/diagnostics_panel_host.h
FN:39,_ZN6draxul20DiagnosticsPanelHost5panelEv
FN:43,_ZNK6draxul20DiagnosticsPanelHost5panelEv
FN:53,_ZNK6draxul20DiagnosticsPanelHost16last_render_timeEv
FNDA:14,_ZN6draxul20DiagnosticsPanelHost5panelEv
FNDA:0,_ZNK6draxul20DiagnosticsPanelHost5panelEv
FNDA:0,_ZNK6draxul20DiagnosticsPanelHost16last_render_timeEv
FNF:3
FNH:1
DA:39,14
DA:40,14
DA:41,14
DA:43,0
DA:44,0
DA:45,0
DA:53,0
DA:54,0
DA:55,0
BRF:0
BRH:0
LF:9
LH:3
end_of_record
SF:/Users/runner/work/Draxul/Draxul/app/frame_timer.h
FN:11,_ZN6draxul10FrameTimer6recordEd
FN:20,_ZNK6draxul10FrameTimer7last_msEv
FN:25,_ZNK6draxul10FrameTimer10average_msEv
FNDA:118,_ZN6draxul10FrameTimer6recordEd
FNDA:6,_ZNK6draxul10FrameTimer7last_msEv
FNDA:8,_ZNK6draxul10FrameTimer10average_msEv
FNF:3
FNH:3
DA:11,118
DA:12,118
DA:13,118
DA:14,118
DA:15,118
DA:16,70
DA:17,118
DA:20,6
DA:21,6
DA:22,6
DA:25,8
DA:26,8
DA:27,3
DA:28,5
DA:29,105
DA:30,100
DA:31,5
DA:32,8
BRDA:15,0,0,70
BRDA:15,0,1,48
BRDA:26,0,0,3
BRDA:26,0,1,5
BRDA:29,0,0,100
BRDA:29,0,1,5
BRF:6
BRH:6
LF:18
LH:18
end_of_record
SF:/Users/runner/work/Draxul/Draxul/app/fuzzy_match.cpp
FN:69,_ZN6draxul11fuzzy_matchENSt3__117basic_string_viewIcNS0_11char_traitsIcEEEES4_
FN:44,fuzzy_match.cpp:_ZN6draxul12_GLOBAL__N_114position_bonusEmNSt3__117basic_string_viewIcNS1_11char_traitsIcEEEE
FN:31,fuzzy_match.cpp:_ZN6draxul12_GLOBAL__N_18classifyEc
FNDA:13,_ZN6draxul11fuzzy_matchENSt3__117basic_string_viewIcNS0_11char_traitsIcEEEES4_
FNDA:24,fuzzy_match.cpp:_ZN6draxul12_GLOBAL__N_114position_bonusEmNSt3__117basic_string_viewIcNS1_11char_traitsIcEEEE
FNDA:38,fuzzy_match.cpp:_ZN6draxul12_GLOBAL__N_18classifyEc
FNF:3
FNH:3
DA:31,38
DA:32,38
DA:33,36
DA:34,2
DA:35,0
DA:36,2
DA:37,0
DA:38,2
DA:39,2
DA:40,0
DA:41,2
DA:44,24
DA:45,24
DA:46,5
DA:48,19
DA:49,19
DA:52,19
DA:53,2
DA:56,17
DA:57,0
DA:58,17
DA:59,0
DA:60,17
DA:61,0
DA:63,17
DA:64,17
DA:69,13
DA:70,13
DA:72,13
DA:73,1
DA:74,1
DA:75,1
DA:76,1
DA:77,1
DA:79,12
DA:80,1
DA:83,11
DA:84,11
DA:85,11
DA:86,35
DA:87,25
DA:88,25
DA:89,25
DA:90,47
DA:91,46
DA:92,46
DA:93,24
DA:94,24
DA:95,24
DA:96,24
DA:97,24
DA:98,24
DA:99,22
DA:100,22
DA:101,25
DA:102,1
DA:103,25
DA:106,10
DA:107,34
DA:108,24
DA:109,24
DA:112,24
DA:115,24
DA:116,11
DA:119,24
DA:120,10
DA:122,24
DA:125,24
DA:126,14
DA:127,14
DA:128,14
DA:129,3
DA:130,14
DA:131,10
DA:132,5
DA:134,5
DA:135,5
DA:136,24
DA:138,10
DA:139,10
DA:140,10
DA:141,10
DA:142,11
BRDA:32,0,0,36
BRDA:32,0,1,2
BRDA:32,1,2,36
BRDA:32,1,3,0
BRDA:34,0,0,2
BRDA:34,0,1,0
BRDA:34,1,2,0
BRDA:34,1,3,2
BRDA:36,0,0,2
BRDA:36,0,1,0
BRDA:36,1,2,0
BRDA:36,1,3,2
BRDA:38,0,0,2
BRDA:38,0,1,0
BRDA:38,1,2,-
BRDA:38,1,3,-
BRDA:38,2,4,-
BRDA:38,2,5,-
BRDA:38,3,6,-
BRDA:38,3,7,-
BRDA:38,4,8,-
BRDA:38,4,9,-
BRDA:38,5,10,-
BRDA:38,5,11,-
BRDA:38,6,12,-
BRDA:38,6,13,-
BRDA:45,0,0,5
BRDA:45,0,1,19
BRDA:52,0,0,2
BRDA:52,0,1,17
BRDA:56,0,0,17
BRDA:56,0,1,0
BRDA:56,1,2,0
BRDA:56,1,3,17
BRDA:58,0,0,17
BRDA:58,0,1,0
BRDA:58,1,2,-
BRDA:58,1,3,-
BRDA:58,2,4,0
BRDA:58,2,5,17
BRDA:60,0,0,0
BRDA:60,0,1,17
BRDA:60,1,2,-
BRDA:60,1,3,-
BRDA:60,2,4,-
BRDA:60,2,5,-
BRDA:72,0,0,1
BRDA:72,0,1,12
BRDA:79,0,0,1
BRDA:79,0,1,11
BRDA:86,0,0,25
BRDA:86,0,1,10
BRDA:90,0,0,46
BRDA:90,0,1,1
BRDA:92,0,0,24
BRDA:92,0,1,22
BRDA:101,0,0,1
BRDA:101,0,1,24
BRDA:107,0,0,24
BRDA:107,0,1,10
BRDA:115,0,0,14
BRDA:115,0,1,10
BRDA:115,1,2,11
BRDA:115,1,3,3
BRDA:119,0,0,10
BRDA:119,0,1,14
BRDA:125,0,0,14
BRDA:125,0,1,10
BRDA:128,0,0,3
BRDA:128,0,1,11
BRDA:131,0,0,5
BRDA:131,0,1,5
BRF:72
BRH:43
LF:83
LH:77
end_of_record
SF:/Users/runner/work/Draxul/Draxul/app/gui_action_handler.cpp
FN:17,_ZN6draxul16GuiActionHandlerC2ENS0_4DepsE
FN:22,_ZN6draxul16GuiActionHandler10action_mapEv
FN:57,_ZN6draxul16GuiActionHandler7executeENSt3__117basic_string_viewIcNS1_11char_traitsIcEEEES5_
FN:84,_ZN6draxul16GuiActionHandler12action_namesEv
FN:95,_ZN6draxul16GuiActionHandler13font_increaseEv
FN:101,_ZN6draxul16GuiActionHandler13font_decreaseEv
FN:107,_ZN6draxul16GuiActionHandler10font_resetEv
FN:113,_ZNK6draxul16GuiActionHandler4copyEv
FN:121,_ZNK6draxul16GuiActionHandler5pasteEv
FN:129,_ZNK6draxul16GuiActionHandler18toggle_diagnosticsEv
FN:137,_ZNK6draxul16GuiActionHandler16open_file_dialogEv
FN:144,_ZNK6draxul16GuiActionHandler14split_verticalENSt3__117basic_string_viewIcNS1_11char_traitsIcEEEE
FN:151,_ZNK6draxul16GuiActionHandler16split_horizontalENSt3__117basic_string_viewIcNS1_11char_traitsIcEEEE
FN:158,_ZNK6draxul16GuiActionHandler18toggle_megacity_uiEv
FN:166,_ZNK6draxul16GuiActionHandler11toggle_zoomEv
FN:173,_ZNK6draxul16GuiActionHandler10close_paneEv
FN:180,_ZNK6draxul16GuiActionHandler12restart_hostEv
FN:187,_ZNK6draxul16GuiActionHandler9swap_paneEv
FN:194,_ZNK6draxul16GuiActionHandler10focus_leftEv
FN:201,_ZNK6draxul16GuiActionHandler11focus_rightEv
FN:208,_ZNK6draxul16GuiActionHandler8focus_upEv
FN:215,_ZNK6draxul16GuiActionHandler10focus_downEv
FN:222,_ZNK6draxul16GuiActionHandler7new_tabENSt3__117basic_string_viewIcNS1_11char_traitsIcEEEE
FN:228,_ZNK6draxul16GuiActionHandler9close_tabEv
FN:234,_ZNK6draxul16GuiActionHandler8next_tabEv
FN:240,_ZNK6draxul16GuiActionHandler8prev_tabEv
FN:246,_ZNK6draxul16GuiActionHandler12activate_tabENSt3__117basic_string_viewIcNS1_11char_traitsIcEEEE
FN:262,_ZN6draxul16GuiActionHandler16change_font_sizeEf
FN:25,gui_action_handler.cpp:_ZZN6draxul16GuiActionHandler10action_mapEvENK3$_0clIS0_NSt3__117basic_string_viewIcNS3_11char_traitsIcEEEEEEDaRT_T0_
FN:26,gui_action_handler.cpp:_ZZN6draxul16GuiActionHandler10action_mapEvENK3$_1clIS0_NSt3__117basic_string_viewIcNS3_11char_traitsIcEEEEEEDaRT_T0_
FN:27,gui_action_handler.cpp:_ZZN6draxul16GuiActionHandler10action_mapEvENK3$_2clIS0_NSt3__117basic_string_viewIcNS3_11char_traitsIcEEEEEEDaRT_T0_
FN:28,gui_action_handler.cpp:_ZZN6draxul16GuiActionHandler10action_mapEvENK3$_3clIS0_NSt3__117basic_string_viewIcNS3_11char_traitsIcEEEEEEDaRT_T0_
FN:29,gui_action_handler.cpp:_ZZN6draxul16GuiActionHandler10action_mapEvENK3$_4clIS0_NSt3__117basic_string_viewIcNS3_11char_traitsIcEEEEEEDaRT_T0_
FN:30,gui_action_handler.cpp:_ZZN6draxul16GuiActionHandler10action_mapEvENK3$_5clIS0_NSt3__117basic_string_viewIcNS3_11char_traitsIcEEEEEEDaRT_T0_
FN:31,gui_action_handler.cpp:_ZZN6draxul16GuiActionHandler10action_mapEvENK3$_6clIS0_NSt3__117basic_string_viewIcNS3_11char_traitsIcEEEEEEDaRT_T0_
FN:32,gui_action_handler.cpp:_ZZN6draxul16GuiActionHandler10action_mapEvENK3$_7clIS0_NSt3__117basic_string_viewIcNS3_11char_traitsIcEEEEEEDaRT_T0_
FN:33,gui_action_handler.cpp:_ZZN6draxul16GuiActionHandler10action_mapEvENK3$_8clIS0_NSt3__117basic_string_viewIcNS3_11char_traitsIcEEEEEEDaRT_T0_
FN:34,gui_action_handler.cpp:_ZZN6draxul16GuiActionHandler10action_mapEvENK3$_9clIS0_NSt3__117basic_string_viewIcNS3_11char_traitsIcEEEEEEDaRT_T0_
FN:35,gui_action_handler.cpp:_ZZN6draxul16GuiActionHandler10action_mapEvENK4$_10clIS0_NSt3__117basic_string_viewIcNS3_11char_traitsIcEEEEEEDaRT_T0_
FN:36,gui_action_handler.cpp:_ZZN6draxul16GuiActionHandler10action_mapEvENK4$_11clIS0_NSt3__117basic_string_viewIcNS3_11char_traitsIcEEEEEEDaRT_T0_
FN:37,gui_action_handler.cpp:_ZZN6draxul16GuiActionHandler10action_mapEvENK4$_12clIS0_NSt3__117basic_string_viewIcNS3_11char_traitsIcEEEEEEDaRT_T0_
FN:38,gui_action_handler.cpp:_ZZN6draxul16GuiActionHandler10action_mapEvENK4$_13clIS0_NSt3__117basic_string_viewIcNS3_11char_traitsIcEEEEEEDaRT_T0_
FN:39,gui_action_handler.cpp:_ZZN6draxul16GuiActionHandler10action_mapEvENK4$_14clIS0_NSt3__117basic_string_viewIcNS3_11char_traitsIcEEEEEEDaRT_T0_
FN:40,gui_action_handler.cpp:_ZZN6draxul16GuiActionHandler10action_mapEvENK4$_15clIS0_NSt3__117basic_string_viewIcNS3_11char_traitsIcEEEEEEDaRT_T0_
FN:41,gui_action_handler.cpp:_ZZN6draxul16GuiActionHandler10action_mapEvENK4$_16clIS0_NSt3__117basic_string_viewIcNS3_11char_traitsIcEEEEEEDaRT_T0_
FN:42,gui_action_handler.cpp:_ZZN6draxul16GuiActionHandler10action_mapEvENK4$_17clIS0_NSt3__117basic_string_viewIcNS3_11char_traitsIcEEEEEEDaRT_T0_
FN:43,gui_action_handler.cpp:_ZZN6draxul16GuiActionHandler10action_mapEvENK4$_18clIS0_NSt3__117basic_string_viewIcNS3_11char_traitsIcEEEEEEDaRT_T0_
FN:44,gui_action_handler.cpp:_ZZN6draxul16GuiActionHandler10action_mapEvENK4$_19clIS0_NSt3__117basic_string_viewIcNS3_11char_traitsIcEEEEEEDaRT_T0_
FN:45,gui_action_handler.cpp:_ZZN6draxul16GuiActionHandler10action_mapEvENK4$_20clIS0_NSt3__117basic_string_viewIcNS3_11char_traitsIcEEEEEEDaRT_T0_
FN:46,gui_action_handler.cpp:_ZZN6draxul16GuiActionHandler10action_mapEvENK4$_21clIS0_NSt3__117basic_string_viewIcNS3_11char_traitsIcEEEEEEDaRT_T0_
FN:47,gui_action_handler.cpp:_ZZN6draxul16GuiActionHandler10action_mapEvENK4$_22clIS0_NSt3__117basic_string_viewIcNS3_11char_traitsIcEEEEEEDaRT_T0_
FN:48,gui_action_handler.cpp:_ZZN6draxul16GuiActionHandler10action_mapEvENK4$_23clIS0_NSt3__117basic_string_viewIcNS3_11char_traitsIcEEEEEEDaRT_T0_
FN:49,gui_action_handler.cpp:_ZZN6draxul16GuiActionHandler10action_mapEvENK4$_24clIS0_NSt3__117basic_string_viewIcNS3_11char_traitsIcEEEEEEDaRT_T0_
FN:50,gui_action_handler.cpp:_ZZN6draxul16GuiActionHandler10action_mapEvENK4$_25clIS0_NSt3__117basic_string_viewIcNS3_11char_traitsIcEEEEEEDaRT_T0_
FNDA:59,_ZN6draxul16GuiActionHandlerC2ENS0_4DepsE
FNDA:17,_ZN6draxul16GuiActionHandler10action_mapEv
FNDA:12,_ZN6draxul16GuiActionHandler7executeENSt3__117basic_string_viewIcNS1_11char_traitsIcEEEES5_
FNDA:5,_ZN6draxul16GuiActionHandler12action_namesEv
FNDA:5,_ZN6draxul16GuiActionHandler13font_increaseEv
FNDA:1,_ZN6draxul16GuiActionHandler13font_decreaseEv
FNDA:1,_ZN6draxul16GuiActionHandler10font_resetEv
FNDA:0,_ZNK6draxul16GuiActionHandler4copyEv
FNDA:0,_ZNK6draxul16GuiActionHandler5pasteEv
FNDA:1,_ZNK6draxul16GuiActionHandler18toggle_diagnosticsEv
FNDA:2,_ZNK6draxul16GuiActionHandler16open_file_dialogEv
FNDA:0,_ZNK6draxul16GuiActionHandler14split_verticalENSt3__117basic_string_viewIcNS1_11char_traitsIcEEEE
FNDA:0,_ZNK6draxul16GuiActionHandler16split_horizontalENSt3__117basic_string_viewIcNS1_11char_traitsIcEEEE
FNDA:0,_ZNK6draxul16GuiActionHandler18toggle_megacity_uiEv
FNDA:0,_ZNK6draxul16GuiActionHandler11toggle_zoomEv
FNDA:0,_ZNK6draxul16GuiActionHandler10close_paneEv
FNDA:0,_ZNK6draxul16GuiActionHandler12restart_hostEv
FNDA:0,_ZNK6draxul16GuiActionHandler9swap_paneEv
FNDA:0,_ZNK6draxul16GuiActionHandler10focus_leftEv
FNDA:0,_ZNK6draxul16GuiActionHandler11focus_rightEv
FNDA:0,_ZNK6draxul16GuiActionHandler8focus_upEv
FNDA:0,_ZNK6draxul16GuiActionHandler10focus_downEv
FNDA:0,_ZNK6draxul16GuiActionHandler7new_tabENSt3__117basic_string_viewIcNS1_11char_traitsIcEEEE
FNDA:0,_ZNK6draxul16GuiActionHandler9close_tabEv
FNDA:0,_ZNK6draxul16GuiActionHandler8next_tabEv
FNDA:0,_ZNK6draxul16GuiActionHandler8prev_tabEv
FNDA:0,_ZNK6draxul16GuiActionHandler12activate_tabENSt3__117basic_string_viewIcNS1_11char_traitsIcEEEE
FNDA:7,_ZN6draxul16GuiActionHandler16change_font_sizeEf
FNDA:1,gui_action_handler.cpp:_ZZN6draxul16GuiActionHandler10action_mapEvENK3$_0clIS0_NSt3__117basic_string_viewIcNS3_11char_traitsIcEEEEEEDaRT_T0_
FNDA:0,gui_action_handler.cpp:_ZZN6draxul16GuiActionHandler10action_mapEvENK3$_1clIS0_NSt3__117basic_string_viewIcNS3_11char_traitsIcEEEEEEDaRT_T0_
FNDA:0,gui_action_handler.cpp:_ZZN6draxul16GuiActionHandler10action_mapEvENK3$_2clIS0_NSt3__117basic_string_viewIcNS3_11char_traitsIcEEEEEEDaRT_T0_
FNDA:5,gui_action_handler.cpp:_ZZN6draxul16GuiActionHandler10action_mapEvENK3$_3clIS0_NSt3__117basic_string_viewIcNS3_11char_traitsIcEEEEEEDaRT_T0_
FNDA:1,gui_action_handler.cpp:_ZZN6draxul16GuiActionHandler10action_mapEvENK3$_4clIS0_NSt3__117basic_string_viewIcNS3_11char_traitsIcEEEEEEDaRT_T0_
FNDA:1,gui_action_handler.cpp:_ZZN6draxul16GuiActionHandler10action_mapEvENK3$_5clIS0_NSt3__117basic_string_viewIcNS3_11char_traitsIcEEEEEEDaRT_T0_
FNDA:2,gui_action_handler.cpp:_ZZN6draxul16GuiActionHandler10action_mapEvENK3$_6clIS0_NSt3__117basic_string_viewIcNS3_11char_traitsIcEEEEEEDaRT_T0_
FNDA:0,gui_action_handler.cpp:_ZZN6draxul16GuiActionHandler10action_mapEvENK3$_7clIS0_NSt3__117basic_string_viewIcNS3_11char_traitsIcEEEEEEDaRT_T0_
FNDA:0,gui_action_handler.cpp:_ZZN6draxul16GuiActionHandler10action_mapEvENK3$_8clIS0_NSt3__117basic_string_viewIcNS3_11char_traitsIcEEEEEEDaRT_T0_
FNDA:0,gui_action_handler.cpp:_ZZN6draxul16GuiActionHandler10action_mapEvENK3$_9clIS0_NSt3__117basic_string_viewIcNS3_11char_traitsIcEEEEEEDaRT_T0_
FNDA:0,gui_action_handler.cpp:_ZZN6draxul16GuiActionHandler10action_mapEvENK4$_10clIS0_NSt3__117basic_string_viewIcNS3_11char_traitsIcEEEEEEDaRT_T0_
FNDA:0,gui_action_handler.cpp:_ZZN6draxul16GuiActionHandler10action_mapEvENK4$_11clIS0_NSt3__117basic_string_viewIcNS3_11char_traitsIcEEEEEEDaRT_T0_
FNDA:2,gui_action_handler.cpp:_ZZN6draxul16GuiActionHandler10action_mapEvENK4$_12clIS0_NSt3__117basic_string_viewIcNS3_11char_traitsIcEEEEEEDaRT_T0_
FNDA:0,gui_action_handler.cpp:_ZZN6draxul16GuiActionHandler10action_mapEvENK4$_13clIS0_NSt3__117basic_string_viewIcNS3_11char_traitsIcEEEEEEDaRT_T0_
FNDA:0,gui_action_handler.cpp:_ZZN6draxul16GuiActionHandler10action_mapEvENK4$_14clIS0_NSt3__117basic_string_viewIcNS3_11char_traitsIcEEEEEEDaRT_T0_
FNDA:0,gui_action_handler.cpp:_ZZN6draxul16GuiActionHandler10action_mapEvENK4$_15clIS0_NSt3__117basic_string_viewIcNS3_11char_traitsIcEEEEEEDaRT_T0_
FNDA:0,gui_action_handler.cpp:_ZZN6draxul16GuiActionHandler10action_mapEvENK4$_16clIS0_NSt3__117basic_string_viewIcNS3_11char_traitsIcEEEEEEDaRT_T0_
FNDA:0,gui_action_handler.cpp:_ZZN6draxul16GuiActionHandler10action_mapEvENK4$_17clIS0_NSt3__117basic_string_viewIcNS3_11char_traitsIcEEEEEEDaRT_T0_
FNDA:0,gui_action_handler.cpp:_ZZN6draxul16GuiActionHandler10action_mapEvENK4$_18clIS0_NSt3__117basic_string_viewIcNS3_11char_traitsIcEEEEEEDaRT_T0_
FNDA:0,gui_action_handler.cpp:_ZZN6draxul16GuiActionHandler10action_mapEvENK4$_19clIS0_NSt3__117basic_string_viewIcNS3_11char_traitsIcEEEEEEDaRT_T0_
FNDA:0,gui_action_handler.cpp:_ZZN6draxul16GuiActionHandler10action_mapEvENK4$_20clIS0_NSt3__117basic_string_viewIcNS3_11char_traitsIcEEEEEEDaRT_T0_
FNDA:0,gui_action_handler.cpp:_ZZN6draxul16GuiActionHandler10action_mapEvENK4$_21clIS0_NSt3__117basic_string_viewIcNS3_11char_traitsIcEEEEEEDaRT_T0_
FNDA:0,gui_action_handler.cpp:_ZZN6draxul16GuiActionHandler10action_mapEvENK4$_22clIS0_NSt3__117basic_string_viewIcNS3_11char_traitsIcEEEEEEDaRT_T0_
FNDA:0,gui_action_handler.cpp:_ZZN6draxul16GuiActionHandler10action_mapEvENK4$_23clIS0_NSt3__117basic_string_viewIcNS3_11char_traitsIcEEEEEEDaRT_T0_
FNDA:0,gui_action_handler.cpp:_ZZN6draxul16GuiActionHandler10action_mapEvENK4$_24clIS0_NSt3__117basic_string_viewIcNS3_11char_traitsIcEEEEEEDaRT_T0_
FNDA:0,gui_action_handler.cpp:_ZZN6draxul16GuiActionHandler10action_mapEvENK4$_25clIS0_NSt3__117basic_string_viewIcNS3_11char_traitsIcEEEEEEDaRT_T0_
FNF:54
FNH:16
DA:17,59
DA:18,59
DA:19,59
DA:22,17
DA:24,17
DA:25,17
DA:26,17
DA:27,17
DA:28,17
DA:29,17
DA:30,17
DA:31,17
DA:32,17
DA:33,17
DA:34,17
DA:35,17
DA:36,17
DA:37,17
DA:38,17
DA:39,17
DA:40,17
DA:41,17
DA:42,17
DA:43,17
DA:44,17
DA:45,17
DA:46,17
DA:47,17
DA:48,17
DA:49,17
DA:50,17
DA:51,17
DA:53,17
DA:54,17
DA:57,12
DA:58,12
DA:59,12
DA:62,12
DA:63,12
DA:64,12
DA:65,12
DA:66,12
DA:67,0
DA:68,0
DA:69,0
DA:70,0
DA:71,12
DA:73,12
DA:74,12
DA:75,12
DA:76,12
DA:77,12
DA:78,0
DA:79,0
DA:80,0
DA:81,12
DA:84,5
DA:85,5
DA:86,5
DA:87,5
DA:88,5
DA:89,130
DA:90,5
DA:91,5
DA:92,5
DA:95,5
DA:96,5
DA:97,5
DA:98,5
DA:101,1
DA:102,1
DA:103,1
DA:104,1
DA:107,1
DA:108,1
DA:109,1
DA:110,1
DA:113,0
DA:114,0
DA:115,0
DA:116,0
DA:117,0
DA:118,0
DA:121,0
DA:122,0
DA:123,0
DA:124,0
DA:125,0
DA:126,0
DA:129,1
DA:130,1
DA:131,1
DA:132,1
DA:133,0
DA:134,1
DA:137,2
DA:138,2
DA:139,2
DA:140,1
DA:141,2
DA:144,0
DA:145,0
DA:146,0
DA:147,0
DA:148,0
DA:151,0
DA:152,0
DA:153,0
DA:154,0
DA:155,0
DA:158,0
DA:159,0
DA:160,0
DA:161,0
DA:162,0
DA:163,0
DA:166,0
DA:167,0
DA:168,0
DA:169,0
DA:170,0
DA:173,0
DA:174,0
DA:175,0
DA:176,0
DA:177,0
DA:180,0
DA:181,0
DA:182,0
DA:183,0
DA:184,0
DA:187,0
DA:188,0
DA:189,0
DA:190,0
DA:191,0
DA:194,0
DA:195,0
DA:196,0
DA:197,0
DA:198,0
DA:201,0
DA:202,0
DA:203,0
DA:204,0
DA:205,0
DA:208,0
DA:209,0
DA:210,0
DA:211,0
DA:212,0
DA:215,0
DA:216,0
DA:217,0
DA:218,0
DA:219,0
DA:222,0
DA:223,0
DA:224,0
DA:225,0
DA:228,0
DA:229,0
DA:230,0
DA:231,0
DA:234,0
DA:235,0
DA:236,0
DA:237,0
DA:240,0
DA:241,0
DA:242,0
DA:243,0
DA:246,0
DA:247,0
DA:248,0
DA:249,0
DA:250,0
DA:251,0
DA:252,0
DA:253,0
DA:254,0
DA:255,0
DA:256,0
DA:257,0
DA:258,0
DA:259,0
DA:262,7
DA:263,7
DA:264,7
DA:265,7
DA:266,1
DA:267,6
DA:268,0
DA:270,6
DA:271,0
DA:273,6
DA:274,0
DA:276,6
DA:277,6
DA:278,6
DA:279,6
DA:280,5
DA:281,6
DA:282,6
BRDA:35,0,0,-
BRDA:35,0,1,-
BRDA:36,0,0,-
BRDA:36,0,1,-
BRDA:37,0,0,2
BRDA:37,0,1,0
BRDA:64,0,0,12
BRDA:64,0,1,0
BRDA:66,0,0,0
BRDA:66,0,1,12
BRDA:73,0,0,12
BRDA:73,0,1,0
BRDA:88,0,0,130
BRDA:88,0,1,5
BRDA:115,0,0,-
BRDA:115,0,1,-
BRDA:116,0,0,-
BRDA:116,0,1,-
BRDA:123,0,0,-
BRDA:123,0,1,-
BRDA:124,0,0,-
BRDA:124,0,1,-
BRDA:132,0,0,0
BRDA:132,0,1,1
BRDA:139,0,0,1
BRDA:139,0,1,1
BRDA:146,0,0,-
BRDA:146,0,1,-
BRDA:153,0,0,-
BRDA:153,0,1,-
BRDA:160,0,0,-
BRDA:160,0,1,-
BRDA:161,0,0,-
BRDA:161,0,1,-
BRDA:168,0,0,-
BRDA:168,0,1,-
BRDA:175,0,0,-
BRDA:175,0,1,-
BRDA:182,0,0,-
BRDA:182,0,1,-
BRDA:189,0,0,-
BRDA:189,0,1,-
BRDA:196,0,0,-
BRDA:196,0,1,-
BRDA:203,0,0,-
BRDA:203,0,1,-
BRDA:210,0,0,-
BRDA:210,0,1,-
BRDA:217,0,0,-
BRDA:217,0,1,-
BRDA:223,0,0,-
BRDA:223,0,1,-
BRDA:229,0,0,-
BRDA:229,0,1,-
BRDA:235,0,0,-
BRDA:235,0,1,-
BRDA:241,0,0,-
BRDA:241,0,1,-
BRDA:247,0,0,-
BRDA:247,0,1,-
BRDA:247,1,2,-
BRDA:247,1,3,-
BRDA:250,0,0,-
BRDA:250,0,1,-
BRDA:252,0,0,-
BRDA:252,0,1,-
BRDA:252,1,2,-
BRDA:252,1,3,-
BRDA:257,0,0,-
BRDA:257,0,1,-
BRDA:265,0,0,1
BRDA:265,0,1,6
BRDA:267,0,0,0
BRDA:267,0,1,6
BRDA:270,0,0,0
BRDA:270,0,1,6
BRDA:273,0,0,0
BRDA:273,0,1,6
BRDA:276,0,0,6
BRDA:276,0,1,0
BRDA:279,0,0,5
BRDA:279,0,1,1
BRF:82
BRH:17
LF:230
LH:101
end_of_record
SF:/Users/runner/work/Draxul/Draxul/app/host_manager.cpp
FN:54,_ZN6draxul11HostManagerC2ENS0_4DepsE
FN:59,_ZN6draxul11HostManager32platform_default_split_host_kindEv
FN:64,_ZN6draxul11HostManager19split_host_kind_forENS_8HostKindE
FN:72,_ZN6draxul11HostManager6createERNS_14IHostCallbacksEiiNSt3__18optionalINS_8HostKindEEE
FN:96,_ZN6draxul11HostManager13split_focusedENS_14SplitDirectionERNS_14IHostCallbacksE
FN:144,_ZN6draxul11HostManager13split_focusedENS_14SplitDirectionENS_8HostKindERNS_14IHostCallbacksE
FN:151,_ZN6draxul11HostManager13split_focusedENS_14SplitDirectionENS_17HostLaunchOptionsERNS_14IHostCallbacksE
FN:181,_ZN6draxul11HostManager10close_leafEi
FN:212,_ZN6draxul11HostManager13close_focusedEv
FN:217,_ZN6draxul11HostManager15restart_focusedERNS_14IHostCallbacksE
FN:250,_ZN6draxul11HostManager22swap_focused_with_nextEv
FN:274,_ZN6draxul11HostManager19recompute_viewportsEii
FN:279,_ZN6draxul11HostManager19recompute_viewportsEiiii
FN:291,_ZN6draxul11HostManager11toggle_zoomEii
FN:319,_ZN6draxul11HostManager8shutdownEv
FN:334,_ZNK6draxul11HostManager12focused_hostEv
FN:339,_ZN6draxul11HostManager11set_focusedEi
FN:344,_ZN6draxul11HostManager15focus_directionENS_14FocusDirectionE
FN:359,_ZN6draxul11HostManager12update_focusEi
FN:374,_ZNK6draxul11HostManager8host_forEi
FN:380,_ZN6draxul11HostManager13host_at_pointEii
FN:394,_ZN6draxul11HostManager20create_host_for_leafEiRNS_14IHostCallbacksENS_17HostLaunchOptionsEb
FN:476,_ZN6draxul11HostManager20update_all_viewportsEv
FN:43,host_manager.cpp:_ZN6draxul12_GLOBAL__N_137platform_default_split_host_kind_implEv
FN:26,host_manager.cpp:_ZN6draxul12_GLOBAL__N_122is_terminal_shell_hostENS_8HostKindE
FN:495,host_manager.cpp:_ZZN6draxul11HostManager20update_all_viewportsEvENK3$_0clEiRKNS_14PaneDescriptorE
FNDA:16,_ZN6draxul11HostManagerC2ENS0_4DepsE
FNDA:1,_ZN6draxul11HostManager32platform_default_split_host_kindEv
FNDA:7,_ZN6draxul11HostManager19split_host_kind_forENS_8HostKindE
FNDA:16,_ZN6draxul11HostManager6createERNS_14IHostCallbacksEiiNSt3__18optionalINS_8HostKindEEE
FNDA:1,_ZN6draxul11HostManager13split_focusedENS_14SplitDirectionERNS_14IHostCallbacksE
FNDA:0,_ZN6draxul11HostManager13split_focusedENS_14SplitDirectionENS_8HostKindERNS_14IHostCallbacksE
FNDA:0,_ZN6draxul11HostManager13split_focusedENS_14SplitDirectionENS_17HostLaunchOptionsERNS_14IHostCallbacksE
FNDA:1,_ZN6draxul11HostManager10close_leafEi
FNDA:0,_ZN6draxul11HostManager13close_focusedEv
FNDA:0,_ZN6draxul11HostManager15restart_focusedERNS_14IHostCallbacksE
FNDA:0,_ZN6draxul11HostManager22swap_focused_with_nextEv
FNDA:0,_ZN6draxul11HostManager19recompute_viewportsEii
FNDA:1,_ZN6draxul11HostManager19recompute_viewportsEiiii
FNDA:0,_ZN6draxul11HostManager11toggle_zoomEii
FNDA:8,_ZN6draxul11HostManager8shutdownEv
FNDA:56,_ZNK6draxul11HostManager12focused_hostEv
FNDA:0,_ZN6draxul11HostManager11set_focusedEi
FNDA:0,_ZN6draxul11HostManager15focus_directionENS_14FocusDirectionE
FNDA:1,_ZN6draxul11HostManager12update_focusEi
FNDA:58,_ZNK6draxul11HostManager8host_forEi
FNDA:0,_ZN6draxul11HostManager13host_at_pointEii
FNDA:17,_ZN6draxul11HostManager20create_host_for_leafEiRNS_14IHostCallbacksENS_17HostLaunchOptionsEb
FNDA:3,_ZN6draxul11HostManager20update_all_viewportsEv
FNDA:4,host_manager.cpp:_ZN6draxul12_GLOBAL__N_137platform_default_split_host_kind_implEv
FNDA:8,host_manager.cpp:_ZN6draxul12_GLOBAL__N_122is_terminal_shell_hostENS_8HostKindE
FNDA:4,host_manager.cpp:_ZZN6draxul11HostManager20update_all_viewportsEvENK3$_0clEiRKNS_14PaneDescriptorE
FNF:26
FNH:16
DA:26,8
DA:27,8
DA:28,8
DA:29,8
DA:30,1
DA:31,2
DA:32,3
DA:33,4
DA:34,4
DA:35,3
DA:36,4
DA:37,4
DA:38,8
DA:39,0
DA:40,8
DA:43,4
DA:47,4
DA:48,4
DA:49,4
DA:54,16
DA:55,16
DA:56,16
DA:59,1
DA:60,1
DA:61,1
DA:64,7
DA:65,7
DA:66,4
DA:67,3
DA:68,7
DA:72,16
DA:73,16
DA:74,16
DA:75,16
DA:76,16
DA:78,16
DA:80,16
DA:81,16
DA:82,16
DA:83,16
DA:84,16
DA:85,16
DA:86,16
DA:87,16
DA:88,0
DA:89,16
DA:90,0
DA:92,16
DA:93,16
DA:96,1
DA:97,1
DA:98,1
DA:99,1
DA:100,0
DA:102,1
DA:103,1
DA:104,0
DA:106,1
DA:109,1
DA:110,1
DA:111,1
DA:112,1
DA:113,0
DA:114,1
DA:115,0
DA:116,1
DA:117,1
DA:118,1
DA:119,1
DA:120,0
DA:121,0
DA:122,0
DA:123,0
DA:124,0
DA:125,1
DA:127,1
DA:128,0
DA:130,0
DA:131,0
DA:132,0
DA:135,1
DA:138,1
DA:140,1
DA:141,1
DA:144,0
DA:145,0
DA:146,0
DA:147,0
DA:148,0
DA:151,0
DA:152,0
DA:153,0
DA:154,0
DA:155,0
DA:157,0
DA:158,0
DA:159,0
DA:161,0
DA:162,0
DA:163,0
DA:164,0
DA:165,0
DA:166,0
DA:167,0
DA:169,0
DA:170,0
DA:171,0
DA:172,0
DA:173,0
DA:175,0
DA:176,0
DA:177,0
DA:178,0
DA:181,1
DA:182,1
DA:183,1
DA:184,0
DA:186,1
DA:187,1
DA:188,0
DA:191,1
DA:192,0
DA:193,0
DA:194,0
DA:195,0
DA:198,1
DA:199,1
DA:200,1
DA:201,1
DA:204,1
DA:205,0
DA:207,1
DA:208,1
DA:209,1
DA:212,0
DA:213,0
DA:214,0
DA:217,0
DA:218,0
DA:219,0
DA:220,0
DA:221,0
DA:223,0
DA:224,0
DA:225,0
DA:228,0
DA:229,0
DA:230,0
DA:231,0
DA:232,0
DA:233,0
DA:234,0
DA:237,0
DA:238,0
DA:239,0
DA:242,0
DA:243,0
DA:245,0
DA:246,0
DA:247,0
DA:250,0
DA:251,0
DA:252,0
DA:253,0
DA:254,0
DA:256,0
DA:257,0
DA:258,0
DA:266,0
DA:267,0
DA:269,0
DA:270,0
DA:271,0
DA:274,0
DA:275,0
DA:276,0
DA:279,1
DA:280,1
DA:281,1
DA:282,1
DA:283,0
DA:284,0
DA:285,0
DA:286,0
DA:287,1
DA:288,1
DA:291,0
DA:292,0
DA:293,0
DA:294,0
DA:296,0
DA:297,0
DA:299,0
DA:300,0
DA:301,0
DA:302,0
DA:303,0
DA:304,0
DA:306,0
DA:307,0
DA:308,0
DA:310,0
DA:311,0
DA:312,0
DA:313,0
DA:314,0
DA:315,0
DA:316,0
DA:319,8
DA:320,8
DA:321,8
DA:322,8
DA:323,8
DA:324,8
DA:325,8
DA:326,8
DA:327,8
DA:328,8
DA:329,8
DA:330,8
DA:331,8
DA:334,56
DA:335,56
DA:336,56
DA:339,0
DA:340,0
DA:341,0
DA:344,0
DA:345,0
DA:346,0
DA:347,0
DA:348,0
DA:350,0
DA:351,0
DA:352,0
DA:354,0
DA:355,0
DA:356,0
DA:359,1
DA:360,1
DA:361,1
DA:362,0
DA:364,1
DA:365,1
[...]
FNDA:46,_ZN6draxul7UiPanel8shutdownEv
FNDA:15,_ZN6draxul7UiPanel8set_fontERKNSt3__112basic_stringIcNS1_11char_traitsIcEENS1_9allocatorIcEEEEf
FNDA:14,_ZN6draxul7UiPanel11set_visibleEb
FNDA:1,_ZN6draxul7UiPanel14toggle_visibleEv
FNDA:4,_ZNK6draxul7UiPanel7visibleEv
FNDA:15,_ZN6draxul7UiPanel18set_window_metricsEiiiiif
FNDA:32,_ZNK6draxul7UiPanel6layoutEv
FNDA:2,_ZN6draxul7UiPanel23update_diagnostic_stateERKNS_20DiagnosticPanelStateE
FNDA:1,_ZN6draxul7UiPanel11begin_frameEf
FNDA:1,_ZN6draxul7UiPanel6renderERNS_13IFrameContextEf
FNDA:1,_ZNK6draxul7UiPanel9end_frameEv
FNDA:1,_ZNK6draxul7UiPanel27render_into_current_contextEv
FNDA:0,_ZN6draxul7UiPanel13on_mouse_moveERKNS_14MouseMoveEventE
FNDA:2,_ZN6draxul7UiPanel15on_mouse_buttonERKNS_16MouseButtonEventE
FNDA:1,_ZN6draxul7UiPanel14on_mouse_wheelERKNS_15MouseWheelEventE
FNDA:1,_ZN6draxul7UiPanel13on_text_inputERKNS_14TextInputEventE
FNDA:2,_ZN6draxul7UiPanel6on_keyERKNS_8KeyEventE
FNDA:7,_ZNK6draxul7UiPanel14wants_keyboardEv
FNDA:6,_ZNK6draxul7UiPanel11wants_mouseEv
FNDA:1,ui_panel.cpp:_ZN6draxul12_GLOBAL__N_120render_panel_windowsERKNS_11PanelLayoutERKNS_20DiagnosticPanelStateE
FNDA:1,ui_panel.cpp:_ZN6draxul12_GLOBAL__N_117create_dock_spaceEv
FNDA:1,ui_panel.cpp:_ZN6draxul12_GLOBAL__N_117render_window_tabERKNS_11PanelLayoutERKNS_20DiagnosticPanelStateE
FNDA:1,ui_panel.cpp:_ZN6draxul12_GLOBAL__N_122render_renderer_windowERKNS_20DiagnosticPanelStateE
FNDA:1,ui_panel.cpp:_ZN6draxul12_GLOBAL__N_121render_startup_windowERKNS_20DiagnosticPanelStateE
FNF:30
FNH:29
DA:29,1
DA:30,1
DA:31,1
DA:32,1
DA:34,1
DA:35,1
DA:36,1
DA:37,1
DA:39,1
DA:40,1
DA:41,1
DA:42,1
DA:43,1
DA:44,1
DA:45,1
DA:46,1
DA:47,1
DA:48,1
DA:49,1
DA:50,1
DA:51,1
DA:53,1
DA:54,1
DA:55,1
DA:58,1
DA:59,1
DA:60,1
DA:61,0
DA:62,1
DA:63,1
DA:66,1
DA:67,1
DA:68,1
DA:69,0
DA:70,1
DA:71,1
DA:74,1
DA:75,1
DA:76,1
DA:77,0
DA:78,1
DA:79,1
DA:82,1
DA:83,1
DA:84,1
DA:85,0
DA:87,1
DA:88,1
DA:89,1
DA:90,1
DA:91,1
DA:92,1
DA:93,1
DA:95,1
DA:96,1
DA:98,1
DA:99,1
DA:100,1
DA:101,1
DA:102,1
DA:103,1
DA:104,1
DA:105,1
DA:107,1
DA:108,1
DA:109,1
DA:111,1
DA:112,1
DA:113,1
DA:114,0
DA:115,0
DA:116,0
DA:117,0
DA:118,1
DA:133,51
DA:134,51
DA:135,51
DA:136,51
DA:137,51
DA:138,51
DA:140,51
DA:141,51
DA:142,51
DA:144,51
DA:145,51
DA:146,2
DA:147,2
DA:148,2
DA:149,2
DA:150,2
DA:152,51
DA:153,51
DA:154,51
DA:156,51
DA:157,51
DA:158,51
DA:159,51
DA:165,51
DA:166,2
DA:167,2
DA:168,2
DA:169,2
DA:170,2
DA:171,2
DA:173,51
DA:174,51
DA:177,32
DA:178,32
DA:179,32
DA:182,32
DA:183,32
DA:184,32
DA:185,32
DA:188,24
DA:189,24
DA:190,24
DA:191,0
DA:193,24
DA:194,24
DA:195,24
DA:196,0
DA:198,24
DA:199,24
DA:200,24
DA:201,24
DA:202,24
DA:203,24
DA:204,24
DA:205,24
DA:206,24
DA:207,24
DA:208,24
DA:211,14
DA:212,14
DA:213,14
DA:216,1
DA:217,1
DA:218,1
DA:219,1
DA:220,1
DA:223,46
DA:224,46
DA:225,46
DA:226,22
DA:228,24
DA:229,24
DA:230,14
DA:231,14
DA:232,14
DA:233,14
DA:234,24
DA:235,24
DA:236,24
DA:239,15
DA:240,15
DA:241,15
DA:242,15
DA:244,15
DA:245,0
DA:247,15
DA:248,15
DA:249,15
DA:251,15
DA:252,15
DA:254,15
DA:255,0
DA:257,15
DA:258,1
DA:259,15
DA:262,14
DA:263,14
DA:264,14
DA:267,1
DA:268,1
DA:269,1
DA:272,4
DA:273,4
DA:274,4
DA:277,15
DA:278,15
DA:279,15
DA:282,32
DA:283,32
DA:284,32
DA:287,2
DA:288,2
DA:289,2
DA:290,2
DA:291,2
DA:294,1
DA:295,1
DA:296,1
DA:297,0
DA:299,1
DA:300,1
DA:301,1
DA:302,1
DA:303,1
DA:304,1
DA:307,1
DA:308,1
DA:309,1
DA:310,0
DA:312,1
DA:313,1
DA:314,1
DA:315,1
DA:316,1
DA:317,1
DA:318,1
DA:319,1
DA:320,1
DA:323,1
DA:324,1
DA:325,1
DA:326,0
DA:328,1
DA:329,1
DA:330,1
DA:331,1
DA:334,1
DA:335,1
DA:336,1
DA:339,0
DA:340,0
DA:341,0
DA:342,0
DA:344,0
DA:345,0
DA:346,0
DA:347,0
DA:350,2
DA:351,2
DA:352,2
DA:353,0
DA:355,2
DA:357,2
DA:358,2
DA:359,2
DA:360,2
DA:361,2
DA:362,2
DA:363,0
DA:364,0
DA:365,0
DA:366,0
DA:367,0
DA:368,0
DA:369,0
DA:370,0
DA:371,2
DA:373,2
DA:374,2
DA:375,2
DA:378,1
DA:379,1
DA:380,1
DA:381,0
DA:383,1
DA:384,1
DA:385,1
DA:388,1
DA:389,1
DA:390,1
DA:391,0
DA:393,1
DA:394,1
DA:395,1
DA:398,2
DA:399,2
DA:400,2
DA:401,0
DA:403,2
DA:404,2
DA:406,2
DA:407,2
DA:408,2
DA:409,2
DA:410,2
DA:412,2
DA:413,2
DA:414,0
DA:415,2
DA:418,7
DA:419,7
DA:420,0
DA:422,7
DA:423,7
DA:424,7
DA:427,6
DA:428,6
DA:429,0
DA:431,6
DA:432,6
DA:433,6
BRDA:34,0,0,1
BRDA:34,0,1,0
BRDA:60,0,0,0
BRDA:60,0,1,1
BRDA:68,0,0,0
BRDA:68,0,1,1
BRDA:76,0,0,0
BRDA:76,0,1,1
BRDA:84,0,0,0
BRDA:84,0,1,1
BRDA:84,1,2,0
BRDA:84,1,3,1
BRDA:102,0,0,1
BRDA:102,0,1,0
BRDA:111,0,0,1
BRDA:111,0,1,0
BRDA:137,0,0,51
BRDA:137,0,1,0
BRDA:145,0,0,2
BRDA:145,0,1,49
BRDA:145,1,2,2
BRDA:145,1,3,0
BRDA:165,0,0,2
BRDA:165,0,1,49
BRDA:190,0,0,0
BRDA:190,0,1,24
BRDA:195,0,0,0
BRDA:195,0,1,24
BRDA:218,0,0,1
BRDA:218,0,1,0
BRDA:225,0,0,22
BRDA:225,0,1,24
BRDA:229,0,0,14
BRDA:229,0,1,10
BRDA:244,0,0,0
BRDA:244,0,1,15
BRDA:251,0,0,15
BRDA:251,0,1,0
BRDA:251,1,2,15
BRDA:251,1,3,0
BRDA:254,0,0,0
BRDA:254,0,1,15
BRDA:257,0,0,1
BRDA:257,0,1,14
BRDA:296,0,0,0
BRDA:296,0,1,1
BRDA:302,0,0,1
BRDA:302,0,1,0
BRDA:309,0,0,0
BRDA:309,0,1,1
BRDA:309,1,2,0
BRDA:309,1,3,1
BRDA:309,2,4,0
BRDA:309,2,5,1
BRDA:313,0,0,1
BRDA:313,0,1,0
BRDA:318,0,0,1
BRDA:318,0,1,0
BRDA:325,0,0,0
BRDA:325,0,1,1
BRDA:341,0,0,-
BRDA:341,0,1,-
BRDA:352,0,0,0
BRDA:352,0,1,2
BRDA:360,0,0,2
BRDA:360,0,1,0
BRDA:363,0,0,0
BRDA:363,0,1,2
BRDA:366,0,0,0
BRDA:366,0,1,2
BRDA:369,0,0,0
BRDA:369,0,1,2
BRDA:373,0,0,2
BRDA:373,0,1,0
BRDA:380,0,0,0
BRDA:380,0,1,1
BRDA:390,0,0,0
BRDA:390,0,1,1
BRDA:390,1,2,0
BRDA:390,1,3,1
BRDA:400,0,0,0
BRDA:400,0,1,2
BRDA:413,0,0,0
BRDA:413,0,1,2
BRDA:419,0,0,0
BRDA:419,0,1,7
BRDA:428,0,0,0
BRDA:428,0,1,6
BRF:88
BRH:48
LF:295
LH:257
end_of_record
SF:/Users/runner/work/Draxul/Draxul/libs/draxul-ui/src/ui_panel_style.cpp
FN:10,_ZN6draxul17apply_panel_styleEv
FNDA:24,_ZN6draxul17apply_panel_styleEv
FNF:1
FNH:1
DA:10,24
DA:11,24
DA:12,24
DA:13,24
DA:14,24
DA:15,24
DA:16,24
DA:17,24
DA:18,24
DA:19,24
DA:20,24
DA:21,24
DA:22,24
DA:23,24
DA:24,24
DA:25,24
BRF:0
BRH:0
LF:16
LH:16
end_of_record
SF:/Users/runner/work/Draxul/Draxul/libs/draxul-window/include/draxul/sdl_window.h
FN:14,_ZN6draxul9SdlWindow20set_clamp_to_displayEb
FN:18,_ZN6draxul9SdlWindow10set_hiddenEb
FN:30,_ZN6draxul9SdlWindow13native_handleEv
FNDA:0,_ZN6draxul9SdlWindow20set_clamp_to_displayEb
FNDA:0,_ZN6draxul9SdlWindow10set_hiddenEb
FNDA:0,_ZN6draxul9SdlWindow13native_handleEv
FNF:3
FNH:0
DA:14,0
DA:15,0
DA:16,0
DA:18,0
DA:19,0
DA:20,0
DA:30,0
DA:31,0
DA:32,0
BRF:0
BRH:0
LF:9
LH:0
end_of_record
SF:/Users/runner/work/Draxul/Draxul/libs/draxul-window/include/draxul/window.h
FN:23,_ZNK6draxul7IWindow12width_pixelsEv
FN:28,_ZNK6draxul7IWindow13height_pixelsEv
FN:33,_ZNK6draxul7IWindow13width_logicalEv
FN:38,_ZNK6draxul7IWindow14height_logicalEv
FN:48,_ZN6draxul7IWindow35normalize_render_target_window_sizeEii
FN:54,_ZN6draxul7IWindow4wakeEv
FN:59,_ZN6draxul7IWindow8activateEv
FN:64,_ZN6draxul7IWindow11wait_eventsEi
FN:69,_ZN6draxul7IWindow20set_clamp_to_displayEb
FN:74,_ZN6draxul7IWindow10set_hiddenEb
FN:82,_ZN6draxul7IWindow21show_open_file_dialogEv
FN:89,_ZN6draxul7IWindow19set_title_bar_colorEN3glm3vecILi4EfLNS1_9qualifierE0EEE
FN:15,_ZN6draxul7IWindowD2Ev
FNDA:62,_ZNK6draxul7IWindow12width_pixelsEv
FNDA:14,_ZNK6draxul7IWindow13height_pixelsEv
FNDA:62,_ZNK6draxul7IWindow13width_logicalEv
FNDA:0,_ZNK6draxul7IWindow14height_logicalEv
FNDA:0,_ZN6draxul7IWindow35normalize_render_target_window_sizeEii
FNDA:37,_ZN6draxul7IWindow4wakeEv
FNDA:0,_ZN6draxul7IWindow8activateEv
FNDA:0,_ZN6draxul7IWindow11wait_eventsEi
FNDA:0,_ZN6draxul7IWindow20set_clamp_to_displayEb
FNDA:0,_ZN6draxul7IWindow10set_hiddenEb
FNDA:0,_ZN6draxul7IWindow21show_open_file_dialogEv
FNDA:146,_ZN6draxul7IWindow19set_title_bar_colorEN3glm3vecILi4EfLNS1_9qualifierE0EEE
FNDA:201,_ZN6draxul7IWindowD2Ev
FNF:13
FNH:6
DA:15,201
DA:23,62
DA:24,62
DA:25,62
DA:26,62
DA:28,14
DA:29,14
DA:30,14
DA:31,14
DA:33,62
DA:34,62
DA:35,62
DA:36,62
DA:38,0
DA:39,0
DA:40,0
DA:41,0
DA:48,0
DA:50,0
DA:54,37
DA:56,37
DA:59,0
DA:61,0
DA:64,0
DA:65,0
DA:66,0
DA:69,0
DA:71,0
DA:74,0
DA:76,0
DA:82,0
DA:84,0
DA:89,146
DA:91,146
BRF:0
BRH:0
LF:34
LH:17
end_of_record
SF:/Users/runner/work/Draxul/Draxul/libs/draxul-window/src/sdl_clipboard.cpp
FN:9,_ZN6draxul3sdl18get_clipboard_textEv
FN:20,_ZN6draxul3sdl18set_clipboard_textERKNSt3__112basic_stringIcNS1_11char_traitsIcEENS1_9allocatorIcEEEE
FNDA:0,_ZN6draxul3sdl18get_clipboard_textEv
FNDA:0,_ZN6draxul3sdl18set_clipboard_textERKNSt3__112basic_stringIcNS1_11char_traitsIcEENS1_9allocatorIcEEEE
FNF:2
FNH:0
DA:9,0
DA:10,0
DA:11,0
DA:12,0
DA:13,0
DA:14,0
DA:15,0
DA:16,0
DA:17,0
DA:20,0
DA:21,0
DA:22,0
BRDA:12,0,0,-
BRDA:12,0,1,-
BRF:2
BRH:0
LF:12
LH:0
end_of_record
SF:/Users/runner/work/Draxul/Draxul/libs/draxul-window/src/sdl_event_translator.cpp
FN:9,_ZN6draxul3sdl13translate_keyERK9SDL_Event
FN:22,_ZN6draxul3sdl20translate_text_inputERK9SDL_Event
FN:30,_ZN6draxul3sdl22translate_text_editingERK9SDL_Event
FN:38,_ZN6draxul3sdl22translate_mouse_buttonERK9SDL_Event
FN:55,_ZN6draxul3sdl20translate_mouse_moveERK9SDL_Event
FN:71,_ZN6draxul3sdl21translate_mouse_wheelERK9SDL_Event
FN:87,_ZN6draxul3sdl16translate_resizeEP10SDL_WindowRK9SDL_Event
FN:97,_ZN6draxul3sdl23translate_display_scaleEP10SDL_WindowRK9SDL_Event
FN:108,_ZN6draxul3sdl19translate_file_dropERK9SDL_Event
FNDA:0,_ZN6draxul3sdl13translate_keyERK9SDL_Event
FNDA:0,_ZN6draxul3sdl20translate_text_inputERK9SDL_Event
FNDA:0,_ZN6draxul3sdl22translate_text_editingERK9SDL_Event
FNDA:0,_ZN6draxul3sdl22translate_mouse_buttonERK9SDL_Event
FNDA:0,_ZN6draxul3sdl20translate_mouse_moveERK9SDL_Event
FNDA:0,_ZN6draxul3sdl21translate_mouse_wheelERK9SDL_Event
FNDA:0,_ZN6draxul3sdl16translate_resizeEP10SDL_WindowRK9SDL_Event
FNDA:0,_ZN6draxul3sdl23translate_display_scaleEP10SDL_WindowRK9SDL_Event
FNDA:0,_ZN6draxul3sdl19translate_file_dropERK9SDL_Event
FNF:9
FNH:0
DA:9,0
DA:10,0
DA:11,0
DA:12,0
DA:13,0
DA:14,0
DA:15,0
DA:16,0
DA:17,0
DA:18,0
DA:19,0
DA:22,0
DA:23,0
DA:24,0
DA:25,0
DA:26,0
DA:27,0
DA:30,0
DA:31,0
DA:32,0
DA:33,0
DA:34,0
DA:35,0
DA:38,0
DA:39,0
DA:40,0
DA:41,0
DA:46,0
DA:47,0
DA:48,0
DA:49,0
DA:50,0
DA:51,0
DA:52,0
DA:55,0
DA:56,0
DA:57,0
DA:58,0
DA:63,0
DA:64,0
DA:65,0
DA:66,0
DA:67,0
DA:68,0
DA:71,0
DA:72,0
DA:73,0
DA:74,0
DA:79,0
DA:80,0
DA:81,0
DA:82,0
DA:83,0
DA:84,0
DA:87,0
DA:88,0
DA:89,0
DA:90,0
DA:91,0
DA:92,0
DA:93,0
DA:94,0
DA:97,0
DA:98,0
DA:99,0
DA:100,0
DA:101,0
DA:102,0
DA:103,0
DA:104,0
DA:105,0
DA:108,0
DA:109,0
DA:110,0
DA:111,0
DA:112,0
DA:113,0
BRDA:11,0,0,-
BRDA:11,0,1,-
BRDA:11,1,2,-
BRDA:11,1,3,-
BRDA:24,0,0,-
BRDA:24,0,1,-
BRDA:32,0,0,-
BRDA:32,0,1,-
BRDA:40,0,0,-
BRDA:40,0,1,-
BRDA:40,1,2,-
BRDA:40,1,3,-
BRDA:57,0,0,-
BRDA:57,0,1,-
BRDA:73,0,0,-
BRDA:73,0,1,-
BRDA:89,0,0,-
BRDA:89,0,1,-
BRDA:99,0,0,-
BRDA:99,0,1,-
BRDA:102,0,0,-
BRDA:102,0,1,-
BRDA:110,0,0,-
BRDA:110,0,1,-
BRDA:110,1,2,-
BRDA:110,1,3,-
BRF:26
BRH:0
LF:77
LH:0
end_of_record
SF:/Users/runner/work/Draxul/Draxul/libs/draxul-window/src/sdl_file_dialog.cpp
FN:10,_ZN6draxul3sdl21show_open_file_dialogEP10SDL_Windowj
FN:53,_ZN6draxul3sdl24handle_file_dialog_eventERK9SDL_EventjRKNSt3__18functionIFvRKNS4_12basic_stringIcNS4_11char_traitsIcEENS4_9allocatorIcEEEEEEE
FN:20,sdl_file_dialog.cpp:_ZZN6draxul3sdl21show_open_file_dialogEP10SDL_WindowjENK3$_0clEPvPKPKci
FNDA:0,_ZN6draxul3sdl21show_open_file_dialogEP10SDL_Windowj
FNDA:0,_ZN6draxul3sdl24handle_file_dialog_eventERK9SDL_EventjRKNSt3__18functionIFvRKNS4_12basic_stringIcNS4_11char_traitsIcEENS4_9allocatorIcEEEEEEE
FNDA:0,sdl_file_dialog.cpp:_ZZN6draxul3sdl21show_open_file_dialogEP10SDL_WindowjENK3$_0clEPvPKPKci
FNF:3
FNH:0
DA:10,0
DA:11,0
DA:12,0
DA:13,0
DA:14,0
DA:15,0
DA:16,0
DA:17,0
DA:19,0
DA:20,0
DA:21,0
DA:22,0
DA:23,0
DA:24,0
DA:26,0
DA:27,0
DA:28,0
DA:29,0
DA:30,0
DA:31,0
DA:32,0
DA:33,0
DA:34,0
DA:35,0
DA:36,0
DA:37,0
DA:39,0
DA:40,0
DA:41,0
DA:42,0
DA:43,0
DA:44,0
DA:45,0
DA:46,0
DA:47,0
DA:48,0
DA:53,0
DA:54,0
DA:55,0
DA:56,0
DA:57,0
DA:58,0
DA:59,0
DA:60,0
DA:61,0
BRDA:17,0,0,-
BRDA:17,0,1,-
BRDA:23,0,0,-
BRDA:23,0,1,-
BRDA:23,1,2,-
BRDA:23,1,3,-
BRDA:36,0,0,-
BRDA:36,0,1,-
BRDA:55,0,0,-
BRDA:55,0,1,-
BRDA:58,0,0,-
BRDA:58,0,1,-
BRDA:58,1,2,-
BRDA:58,1,3,-
BRF:14
BRH:0
LF:64
LH:0
end_of_record
SF:/Users/runner/work/Draxul/Draxul/libs/draxul-window/src/sdl_window.cpp
FN:140,_ZN6draxul9SdlWindow10initializeERKNSt3__112basic_stringIcNS1_11char_traitsIcEENS1_9allocatorIcEEEEii
FN:222,_ZN6draxul9SdlWindow16set_size_logicalEii
FN:232,_ZN6draxul9SdlWindow8activateEv
FN:268,_ZN6draxul9SdlWindow8shutdownEv
FN:279,_ZN6draxul9SdlWindow12handle_eventERK9SDL_Event
FN:356,_ZN6draxul9SdlWindow11poll_eventsEv
FN:368,_ZN6draxul9SdlWindow11wait_eventsEi
FN:390,_ZN6draxul9SdlWindow4wakeEv
FN:401,_ZNK6draxul9SdlWindow11size_pixelsEv
FN:412,_ZNK6draxul9SdlWindow12size_logicalEv
FN:423,_ZNK6draxul9SdlWindow11display_ppiEv
FN:434,_ZN6draxul9SdlWindow9set_titleERKNSt3__112basic_stringIcNS1_11char_traitsIcEENS1_9allocatorIcEEEE
FN:445,_ZNK6draxul9SdlWindow14clipboard_textEv
FN:450,_ZN6draxul9SdlWindow18set_clipboard_textERKNSt3__112basic_stringIcNS1_11char_traitsIcEENS1_9allocatorIcEEEE
FN:455,_ZN6draxul9SdlWindow19set_text_input_areaEiiii
FN:465,_ZN6draxul9SdlWindow19set_title_bar_colorEN3glm3vecILi4EfLNS1_9qualifierE0EEE
FN:489,_ZN6draxul9SdlWindow21show_open_file_dialogEv
FN:497,_ZN6draxul9SdlWindow35normalize_render_target_window_sizeEii
FN:34,sdl_window.cpp:_ZN6draxulL16log_display_infoEP10SDL_Window
FNDA:0,_ZN6draxul9SdlWindow10initializeERKNSt3__112basic_stringIcNS1_11char_traitsIcEENS1_9allocatorIcEEEEii
FNDA:0,_ZN6draxul9SdlWindow16set_size_logicalEii
FNDA:0,_ZN6draxul9SdlWindow8activateEv
FNDA:0,_ZN6draxul9SdlWindow8shutdownEv
FNDA:0,_ZN6draxul9SdlWindow12handle_eventERK9SDL_Event
FNDA:0,_ZN6draxul9SdlWindow11poll_eventsEv
FNDA:0,_ZN6draxul9SdlWindow11wait_eventsEi
FNDA:0,_ZN6draxul9SdlWindow4wakeEv
FNDA:0,_ZNK6draxul9SdlWindow11size_pixelsEv
FNDA:0,_ZNK6draxul9SdlWindow12size_logicalEv
FNDA:0,_ZNK6draxul9SdlWindow11display_ppiEv
FNDA:0,_ZN6draxul9SdlWindow9set_titleERKNSt3__112basic_stringIcNS1_11char_traitsIcEENS1_9allocatorIcEEEE
FNDA:0,_ZNK6draxul9SdlWindow14clipboard_textEv
FNDA:0,_ZN6draxul9SdlWindow18set_clipboard_textERKNSt3__112basic_stringIcNS1_11char_traitsIcEENS1_9allocatorIcEEEE
FNDA:0,_ZN6draxul9SdlWindow19set_text_input_areaEiiii
FNDA:0,_ZN6draxul9SdlWindow19set_title_bar_colorEN3glm3vecILi4EfLNS1_9qualifierE0EEE
FNDA:0,_ZN6draxul9SdlWindow21show_open_file_dialogEv
FNDA:0,_ZN6draxul9SdlWindow35normalize_render_target_window_sizeEii
FNDA:0,sdl_window.cpp:_ZN6draxulL16log_display_infoEP10SDL_Window
FNF:19
FNH:0
DA:34,0
DA:35,0
DA:36,0
DA:39,0
DA:40,0
DA:41,0
DA:42,0
DA:43,0
DA:44,0
DA:45,0
DA:46,0
DA:48,0
DA:50,0
DA:51,0
DA:52,0
DA:53,0
DA:54,0
DA:55,0
DA:56,0
DA:57,0
DA:58,0
DA:59,0
DA:60,0
DA:61,0
DA:62,0
DA:63,0
DA:64,0
DA:65,0
DA:66,0
DA:67,0
DA:68,0
DA:69,0
DA:70,0
DA:71,0
DA:72,0
DA:73,0
DA:74,0
DA:75,0
DA:135,0
DA:136,0
DA:140,0
DA:141,0
DA:142,0
DA:143,0
DA:145,0
DA:146,0
DA:147,0
DA:148,0
DA:149,0
DA:151,0
DA:155,0
DA:156,0
DA:158,0
DA:159,0
DA:160,0
DA:161,0
DA:162,0
DA:163,0
DA:164,0
DA:166,0
DA:167,0
DA:172,0
DA:173,0
DA:175,0
DA:176,0
DA:177,0
DA:178,0
DA:179,0
DA:180,0
DA:181,0
DA:182,0
DA:183,0
DA:184,0
DA:185,0
DA:186,0
DA:187,0
DA:188,0
DA:189,0
DA:190,0
DA:191,0
DA:192,0
DA:197,0
DA:198,0
DA:199,0
DA:200,0
DA:201,0
DA:202,0
DA:204,0
DA:205,0
DA:206,0
DA:207,0
DA:208,0
DA:211,0
DA:213,0
DA:214,0
DA:215,0
DA:216,0
DA:218,0
DA:219,0
DA:222,0
DA:223,0
DA:224,0
DA:225,0
DA:227,0
DA:228,0
DA:229,0
DA:232,0
DA:233,0
DA:234,0
DA:235,0
DA:237,0
DA:238,0
DA:239,0
DA:265,0
DA:268,0
DA:269,0
DA:270,0
DA:271,0
DA:272,0
DA:273,0
DA:274,0
DA:275,0
DA:276,0
DA:279,0
DA:280,0
DA:281,0
DA:282,0
DA:284,0
DA:285,0
DA:287,0
DA:288,0
DA:289,0
DA:290,0
DA:292,0
DA:293,0
DA:294,0
DA:295,0
DA:296,0
DA:298,0
DA:299,0
DA:300,0
DA:301,0
DA:302,0
DA:304,0
DA:305,0
DA:306,0
DA:307,0
DA:308,0
DA:309,0
DA:311,0
DA:312,0
DA:313,0
DA:314,0
DA:315,0
DA:317,0
DA:318,0
DA:319,0
DA:320,0
DA:321,0
DA:323,0
DA:324,0
DA:325,0
DA:326,0
DA:327,0
DA:328,0
DA:330,0
DA:331,0
DA:332,0
DA:333,0
DA:334,0
DA:336,0
DA:337,0
DA:338,0
DA:339,0
DA:340,0
DA:342,0
DA:343,0
DA:344,0
DA:345,0
DA:346,0
DA:348,0
DA:349,0
DA:350,0
DA:352,0
DA:353,0
DA:356,0
DA:357,0
DA:358,0
DA:359,0
DA:360,0
DA:361,0
DA:362,0
DA:363,0
DA:364,0
DA:365,0
DA:368,0
DA:369,0
DA:370,0
DA:371,0
DA:372,0
DA:373,0
DA:374,0
DA:375,0
DA:376,0
DA:377,0
DA:378,0
DA:379,0
DA:380,0
DA:381,0
DA:383,0
DA:384,0
DA:386,0
DA:387,0
DA:390,0
DA:391,0
DA:392,0
DA:393,0
DA:395,0
DA:396,0
DA:397,0
DA:398,0
DA:401,0
DA:402,0
DA:403,0
DA:404,0
DA:405,0
DA:406,0
DA:407,0
DA:408,0
DA:409,0
DA:412,0
DA:413,0
DA:414,0
DA:415,0
DA:416,0
DA:417,0
DA:418,0
DA:419,0
DA:420,0
DA:423,0
DA:424,0
DA:425,0
DA:426,0
DA:427,0
DA:428,0
DA:429,0
DA:430,0
DA:431,0
DA:434,0
DA:435,0
DA:436,0
DA:440,0
DA:441,0
DA:442,0
DA:445,0
DA:446,0
DA:447,0
DA:450,0
DA:451,0
DA:452,0
DA:455,0
DA:456,0
DA:457,0
DA:458,0
DA:460,0
DA:461,0
DA:462,0
DA:465,0
DA:466,0
DA:467,0
DA:468,0
DA:470,0
DA:472,0
DA:486,0
DA:489,0
DA:490,0
DA:491,0
DA:492,0
DA:493,0
DA:494,0
DA:497,0
DA:498,0
DA:499,0
DA:500,0
DA:502,0
DA:503,0
DA:504,0
DA:505,0
DA:506,0
DA:507,0
DA:509,0
DA:510,0
DA:511,0
DA:512,0
DA:513,0
DA:514,0
BRDA:56,0,0,-
BRDA:56,0,1,-
BRDA:65,0,0,-
BRDA:65,0,1,-
BRDA:73,0,0,-
BRDA:73,0,1,-
BRDA:145,0,0,-
BRDA:145,0,1,-
BRDA:159,0,0,-
BRDA:159,0,1,-
BRDA:172,0,0,-
BRDA:172,0,1,-
BRDA:175,0,0,-
BRDA:175,0,1,-
BRDA:179,0,0,-
BRDA:179,0,1,-
BRDA:179,1,2,-
BRDA:179,1,3,-
BRDA:183,0,0,-
BRDA:183,0,1,-
BRDA:185,0,0,-
BRDA:185,0,1,-
BRDA:187,0,0,-
BRDA:187,0,1,-
BRDA:189,0,0,-
BRDA:189,0,1,-
BRDA:204,0,0,-
BRDA:204,0,1,-
BRDA:214,0,0,-
BRDA:214,0,1,-
BRDA:224,0,0,-
BRDA:224,0,1,-
BRDA:234,0,0,-
BRDA:234,0,1,-
BRDA:270,0,0,-
BRDA:270,0,1,-
BRDA:281,0,0,-
BRDA:281,0,1,-
BRDA:284,0,0,-
BRDA:284,0,1,-
BRDA:289,0,0,-
BRDA:289,0,1,-
BRDA:292,0,0,-
BRDA:292,0,1,-
BRDA:293,0,0,-
BRDA:293,0,1,-
BRDA:294,0,0,-
BRDA:294,0,1,-
BRDA:298,0,0,-
BRDA:298,0,1,-
BRDA:299,0,0,-
BRDA:299,0,1,-
BRDA:300,0,0,-
BRDA:300,0,1,-
BRDA:304,0,0,-
BRDA:304,0,1,-
BRDA:305,0,0,-
BRDA:305,0,1,-
BRDA:306,0,0,-
BRDA:306,0,1,-
BRDA:307,0,0,-
BRDA:307,0,1,-
BRDA:311,0,0,-
BRDA:311,0,1,-
BRDA:312,0,0,-
BRDA:312,0,1,-
BRDA:313,0,0,-
BRDA:313,0,1,-
BRDA:317,0,0,-
BRDA:317,0,1,-
BRDA:318,0,0,-
BRDA:318,0,1,-
BRDA:319,0,0,-
BRDA:319,0,1,-
BRDA:323,0,0,-
BRDA:323,0,1,-
BRDA:324,0,0,-
BRDA:324,0,1,-
BRDA:325,0,0,-
BRDA:325,0,1,-
BRDA:326,0,0,-
BRDA:326,0,1,-
BRDA:330,0,0,-
BRDA:330,0,1,-
BRDA:331,0,0,-
BRDA:331,0,1,-
BRDA:332,0,0,-
BRDA:332,0,1,-
BRDA:336,0,0,-
BRDA:336,0,1,-
BRDA:337,0,0,-
BRDA:337,0,1,-
BRDA:338,0,0,-
BRDA:338,0,1,-
BRDA:342,0,0,-
BRDA:342,0,1,-
BRDA:343,0,0,-
BRDA:343,0,1,-
BRDA:344,0,0,-
BRDA:344,0,1,-
BRDA:348,0,0,-
BRDA:348,0,1,-
BRDA:359,0,0,-
BRDA:359,0,1,-
BRDA:361,0,0,-
BRDA:361,0,1,-
BRDA:372,0,0,-
BRDA:372,0,1,-
BRDA:373,0,0,-
BRDA:373,0,1,-
BRDA:376,0,0,-
BRDA:376,0,1,-
BRDA:376,1,2,-
BRDA:376,1,3,-
BRDA:383,0,0,-
BRDA:383,0,1,-
BRDA:392,0,0,-
BRDA:392,0,1,-
BRDA:392,1,2,-
BRDA:392,1,3,-
BRDA:392,2,4,-
BRDA:392,2,5,-
BRDA:404,0,0,-
BRDA:404,0,1,-
BRDA:415,0,0,-
BRDA:415,0,1,-
BRDA:426,0,0,-
BRDA:426,0,1,-
BRDA:428,0,0,-
BRDA:428,0,1,-
BRDA:436,0,0,-
BRDA:436,0,1,-
BRDA:457,0,0,-
BRDA:457,0,1,-
BRDA:467,0,0,-
BRDA:467,0,1,-
BRDA:491,0,0,-
BRDA:491,0,1,-
BRDA:491,1,2,-
BRDA:491,1,3,-
BRDA:499,0,0,-
BRDA:499,0,1,-
BRDA:499,1,2,-
BRDA:499,1,3,-
BRDA:504,0,0,-
BRDA:504,0,1,-
BRDA:504,1,2,-
BRDA:504,1,3,-
BRDA:504,2,4,-
BRDA:504,2,5,-
BRDA:504,3,6,-
BRDA:504,3,7,-
BRDA:506,0,0,-
BRDA:506,0,1,-
BRDA:506,1,2,-
BRDA:506,1,3,-
BRF:156
BRH:0
LF:296
LH:0
end_of_record
SF:/Users/runner/work/Draxul/Draxul/libs/draxul-window/src/sdl_window_macos.mm
FN:10,_ZN6draxul28disable_press_and_hold_macosEv
FN:20,_ZN6draxul27apply_title_bar_color_macosEP10SDL_WindowN3glm3vecILi4EfLNS2_9qualifierE0EEE
FNDA:0,_ZN6draxul28disable_press_and_hold_macosEv
FNDA:0,_ZN6draxul27apply_title_bar_color_macosEP10SDL_WindowN3glm3vecILi4EfLNS2_9qualifierE0EEE
FNF:2
FNH:0
DA:10,0
DA:16,0
DA:17,0
DA:20,0
DA:21,0
DA:22,0
DA:23,0
DA:24,0
DA:25,0
DA:27,0
DA:28,0
DA:29,0
BRDA:24,0,0,-
BRDA:24,0,1,-
BRF:2
BRH:0
LF:11
LH:0
end_of_record
